[Params]
   WndTitle = MFC Migration Kit Setup
   WndMess = Initializing Setup...
   TmpDirSize = 400
   TmpDirName = ms-setup.t
   CmdLine = WBRUN20 MIGRATE.PCD /C "/S %s %s"
   DrvModName = WBRUN20

[Files]
   wbrun20.ex_ = wbrun20.exe
   wbexec20.dl_ = wbexec20.dll
   rbheap.dl_ = rbheap.dll
   migrate.pc_ = migrate.pcd
   msuilstf.dl_ = msuilstf.dll
   msshlstf.dl_ = msshlstf.dll
   mscuistf.dl_ = mscuistf.dll
   msdetstf.dl_ = msdetstf.dll
   msinsstf.dl_ = msinsstf.dll
   mscomstf.dl_ = mscomstf.dll
   mstest.dl_ = mstest.dll
   mstview.dl_ = mstview.dll
   winbas20.dl_ = winbas20.dll
   testexit.ex_ = testexit.exe
   mstest.dl_ = mstest.dll
   setup.in_ = setup.inf
