@
  340   340   340
 6140  6158  6229
 6229  6269  6398
 6398  6416  6473
 6473  6478  6478
 6478  6488  6488
 6488  6496  6496
 6496  6517  6517
 6517  6546  6593
 6593  6601  6601
 6601  6610  6610
 6610  6619  6619
 6619  6645  6791
 6791  6820  6875
 6881  6919  6982
 6988  7021  7113
 7121  7143  7276
 7284  7321  7409
 7417  7459  7590
 7598  7626  7626
 7635  7675  7781
 7796  7838  7967
 7982  8022  8147
 8162  8185  8293
 8293  8336  8429
 8435  8458  8542
 8550  8597  8764
 8764  8775  8775
 8775  8798  8798
 8798  8818  8818
 8818  8866  8866
 8866  8905  8905
 8905  8925  8983
 8983  9003  9041
 9041  9070  9070
 9070  9109  9109
 9109  9123  9123
 9123  9150  9150
 9150  9182  9182
 9182  9225  9225
 9225  9241  9241
 9241  9283  9283
 9283  9309  9309
 9309  9335  9335
 9335  9356  9356
 9356  9375  9418
 9418  9436  9436
 9436  9468  9468
 9468  9504  9504
 9504  9529  9529
 9529  9556  9556
 9556  9589  9589
 9589  9624  9624
 9624  9648  9648
 9648  9671  9671
 9671  9691  9691
 9691  9723  9723
 9723  9768  9768
 9768  9818  9818
 9818  9854  9854
 9854  9915  9915
 9923  9947  9947
 9957  9988  9988
10007 10036 10036
10045 10069 10112
10112 10154 10154
10154 10193 10193
10193 10217 10217
10217 10264 10264
10276 10337 10537
10537 10562 10562
10562 10587 10587
10587 10650 10650
10650 10673 10673
10673 10734 10734
10734 10778 10778
10788 10824 10824
10824 10863 10863
10873 10925 10925
10925 10967 10967
10967 11026 11026
11026 11053 11053
11053 11115 11115
11115 11155 11155
11159 11199 11199
11203 11234 11234
11234 11271 11271
11271 11321 11321
11321 11330 11330
11330 11339 11339
11339 11368 11368
11368 11402 11402
11402 11447 11447
11447 11483 11483
11483 11536 11536
11540 11576 11576
11576 11632 11632
11636 11691 11691
11695 11769 11769
11777 11840 11840
11846 11900 11900
11900 11952 11952
11952 11994 11994
11994 12035 12035
12035 12074 12074
12074 12092 12092
12092 12155 12155
12165 12204 12204
12214 12275 12275
12286 12364 12364
12364 12412 12412
12412 12471 12471
12471 12519 12519
12519 12551 12551
12551 12588 12588
12588 12624 12693
12693 12740 12897
12897 12936 13014
13014 13073 13073
13073 13105 13105
13105 13118 13149
13149 13178 13209
13209 13229 13273
13273 13307 13412
13420 13438 13484
13488 13521 13521
13521 13589 13636
13644 13695 13695
13695 13741 13741
13753 13814 13814
13825 13885 13885
13885 13930 13930
13930 13971 14013
14013 14094 14507
14516 14565 14636
14645 14697 14878
14884 14926 16236
16248 16300 16385
16397 16478 16603
16615 16660 16761
16773 16859 17224
17236 17391 17694
17706 17872 18243
18255 18284 18416
18420 18447 18516
18516 18531 18694
18715 18726 18756
18756 18781 18781
18787 18846 18945
18953 18994 19098
19106 19141 19141
19141 19207 19298
19308 19354 19503
19515 19570 19570
19570 19613 19732
19740 19774 19964
19972 20020 20117
20129 20162 20240
20252 20320 20382
20394 20426 20426
20426 20511 20653
20678 20711 20786
20797 20822 20897
20934 20977 21136
21173 21206 21206
21214 21233 21233
21241 21276 21435
21472 21525 21600
21637 21663 21723
21735 21803 21871
21882 21943 22004
22015 22074 22133
22144 22180 22216
22222 22254 22359
22369 22413 22464
22474 22515 22564
22574 22596 22652
22666 22694 22873
22880 22961 23042
23046 23072 23271
23283 23319 23319
23319 23359 23555
23563 23611 23686
23696 23722 23782
23792 23818 23975
23985 24011 24273
24283 24322 24397
24406 24450 24735
24745 24778 25091
25101 25127 25173
25183 25209 25255
25266 25292 25338
25349 25376 25420
25430 25457 25501
25512 25557 26098
26105 26126 26174
26186 26202 26218
26224 26249 26274
26282 26351 26402
26410 26469 26528
26536 26568 26600
26608 26633 26658
26666 26712 26712
26720 26762 26762
26770 26808 26846
26854 26900 27139
27149 27201 27346
27358 27415 27488
27500 27537 27662
27684 27724 27747
27747 27783 27844
27853 27896 27960
27960 27996 28057
28065 28095 28125
28138 28197 28261
28267 28334 28403
28411 28480 28555
28567 28621 28677
28689 28739 28851
28863 28920 28981
28993 29066 29141
29149 29182 29283
29291 29351 29411
29419 29491 29563
29571 29665 29759
29771 29865 30004
30016 30058 30100
30100 30143 30143
30143 30184 30184
30184 30233 30355
30367 30415 30522
30534 30568 30568
30587 30629 30629
30637 30681 30948
30960 30995 31070
31091 31131 31267
31277 31304 31396
31406 31465 31661
31671 31719 31781
31781 31815 31875
31900 31933 31933
31942 31979 31979
31990 32056 32103
32111 32168 32168
32168 32202 32202
32202 32234 32309
32318 32380 32380
32389 32419 32500
32500 32535 32599
32599 32659 32659
32667 32707 32707
32719 32758 32831
32837 32923 32923
32931 32989 33019
33029 33068 33146
33156 33213 33213
33213 33259 33339
33348 33405 33522
33532 33585 33585
33595 33653 33727
33738 33765 33921
33931 33960 34013
34021 34072 34072
34072 34092 34174
34186 34230 34247
34247 34310 34423
34435 34476 34568
34574 34602 34707
34719 34804 34804
34804 34843 34930
34930 34977 35095
35105 35168 35392
35400 35465 35485
35485 35506 35506
35506 35536 35625
35625 35665 35665
35665 35726 35726
35726 35785 35785
35785 35898 35898
35898 35933 35933
35933 35964 36085
36097 36124 36245
36257 36326 36326
36326 36351 36398
36406 36430 36549
36561 36631 36631
36631 36695 36695
36695 36764 36764
36764 36827 36827
36827 36849 36849
36849 36966 36966
36966 37136 37136
37136 37182 37249
37261 37290 37339
37339 37381 37471
37481 37516 37701
37711 37754 37779
37790 37817 37871
37877 37900 38000
38000 38064 38168
38168 38238 38238
38238 38274 38518
38518 38553 38612
38618 38676 38676
38688 38727 38727
38727 38767 38767
38767 38806 38806
38806 38848 38848
38848 38880 38880
38880 38899 38899
38899 38932 38932
38932 38978 38978
38978 39009 39009
39009 39040 39040
39040 39068 39068
39068 39106 39106
39106 39135 39135
39135 39172 39172
39172 39213 39213
39213 39267 39267
39267 39292 39292
39292 39339 39339
39339 39378 39378
39378 39450 39450
39450 39485 39485
39485 39512 39512
39512 39527 39527
39527 39556 39604
39611 39643 39740
39748 39795 39795
39795 39841 39841
39841 39861 39948
39948 39995 40071
40071 40129 40203
40203 40242 40315
40315 40409 40503
40503 40560 40628
40628 40732 40836
40836 40915 40994
40994 41034 41074
41074 41074 41074
Out of memory: %s
There is no more memory left in the system for compiling this program.
Internal Error Unknown Error Message %s
1) An internal error, attempting to print an unavailable message
2) The error message file is inaccessable or has other problems
Unknown Signal %s
1) An unknown signal has been caught
2) 2 Nested signals
line
Warning: 
Fatal: 
Source not available
Too many errors,... goodbye.
There is a limit of 30 errors before aborting.
Error: 
reserved
reserved
Unknown Control Statement
1) The line begins with a '#' and is not of the form:
	# <line_number> "<filename>"
2) Please compile this program with the preprocessor enabled.
Unknown character %s ignored
The character is not part of the source character set.
2.2.1
Unknown control character \%s ignored
The control character is not part of the source character set.
2.2.1
Illegal character %s in exponent
1) Digits or sign expected after 'e' or 'E'.
2) Digits are expected after sign in exponent.
3.1.3.1
Constant out of range
The constant is too large to fit in the data type.  The limits are in
the system include file limits.h.  The value may be truncated.
2.2.4.2
Character constant size out of range
1) No characters in a character constant.
2) More than 4 bytes in a character constant.
3.1.3.4
Wide character constant size out of range
1) No characters in the multibyte sequence (0 assumed).
2) More than 1 byte in the multibyte seqeunce (only first byte converted).
3.1.3.4
Invalid multibyte character
4.10.7.2
Newline in string or character constant
1) Terminate your string or character constant with closing quotes.
2) Put a backslash before the newline
3.1.3.4, 3.1.4
Octal character escape too large: %s > %s
1) Terminate end of octal sequence with non-octal character
2) Select a character value within the limits
Value may be truncated
3.1.3.4, 3.1.4
Hex character escape too large: %s > %s
1) Terminate end of hex sequence with non-hex character
2) Select a character value within the limits
Value may be truncated
3.1.3.4, 3.1.4
Unexpected End-of-file
1) Unterminated string or character constant
2) Missing closing comment markers (*/)
3) Filesystem problems
Unrecognized escape sequence in string \%s
Recognized escape sequences are \a \b \f \n \r \t \v
Character will be treated as un-escaped
3.9.2
Illegal octal digit %s
Octal constants, beginning with 0, must only have digits between 0 and 7,
inclusive
3.1.3.2
Unable to open temporary file for compiling %s
1) TMPDIR environment variable is set to a directory that you have no
   permissions for.
2) The filesystem is full.
3) System errors beyond the scope of the compiler
%s: Hangup
%s: Interrupt (rubout)
%s: Quit (ASCII FS)
%s: Illegal instruction (not reset when caught)
%s: Trace trap (not reset when caught)
%s: IOT instruction
Also SIGABRT, used by abort, replace SIGIOT in the future
%s: EMT instruction
Also SIGXCPU, Exceeded CPU time limit
%s: Floating point exception
%s: Kill (cannot be caught or ignored)
%s: Bus error
%s: Segmentation violation
%s: Bad argument to system call
%s: Write on a pipe with no one to read it
%s: Alarm clock
%s: Software termination signal from kill
%s: User defined signal 1
%s: User defined signal 2
%s: Death of a child
Power-fail restart
%s: Also SIGXFSZ, exceeded file size limit
%s: Window change
%s: Handset, line status change
%s: Sendablestop signalnot from tty
%s: Stop signal from tty
%s: Pollable event occured
%s: Input/Output possible signal
%s: Urgent condition on IO channel
%s: Window size changes
%s: Virtual time alarm
%s: Profiling alarm
%s: Continue a stoppped process
%s: To readers pgrp upon background tty read
%s: Like TTIN for output if (tp->t_local&LTOSTOP)
%s: Resource lost (eg, record-lock)
'auto' and 'register' not allowed in an external declaration
3.7(10)
must have function type
3.7.1(30)
Functions cannot return arrays
3.7.1(33), 3.3.2.2
Declaration list not allowed
3.7.1(5)
Too many input files %s
The command line may contain only one file
cpp internal error: input stack underflow
cpp internal error: if stack underflow
Cannot open the file %s
No new-line charater at the end of the file %s
2.1.1.2(30)
Fatal: Exceeded the limit of nesting level for #include file
Fatal: Exceeded the limit of nesting level for #include file. This limit
is 8 by default and can be extended by using the command line option
"-nestlevel=n", n is the number of level you want to use.
Fail to read the file %s
Cannot write the file %s
%s: %s: An if directive is not terminated properly in the file
%s: %s: nested comment
%s:%s: Illegal macro name, macro name shall be an identifier
%s:%s: Illegal preprocessing token sequence
3.8.3(35)
%s:%s: Illegal macro parameter name
%s:%s: Non-unique macro parameter name
3.8.3(18)
%s:%s: Missing ')' in parameter list for #define %s
%s:%s: Missing ')' in macro instantiation
%s:%s: Bad punctuator in the parameter list for #define %s
%s:%s: Macro %s redefined.
%s:%s: # operator should be followed by a macro argument name
%s:%s: Badly formed constant expression
3.8
%s:%s: Division by zero in #if or #elif
3.8
unknown command line option %s
extraneous input/output file name %s
%s: %s: Unterminated string or character constant
%s: %s: 
%s: %s: 
%s: %s: Unterminated comment
%s: %s: Unknown directive type %s
%s: %s: #elif or #else after #else directive
%s: %s: Bad identifier after the %s
%s: %s: #%s accepts only one identifier as parameter
3.8
%s: %s: Bad identifier after the %s
%s: %s: #%s should be followed by carriage return only.
3.8
%s: %s: Bad character %s occurs after the # directive.
3.8
%s: %s: the ## operator shall not be the %s token in the replacement list
3.8.3.3
%s: %s: the defined operator takes identifier as operand only.
3.8.1
%s: %s: Not in a conditional directive while using %s
%s: %s: Illegal filename specification for #include
%s: %s: Invalid file name %s for #include
%s: %s: Cannot open file %s for #include
%s: %s: Bad argument for #line command
%s: %s: #error %s
%s: %s: Tried to redefine predefined macro %s, attempt ignored
3.8.7(22)
%s: %s: Undefining predefined macro %s
3.8.7(22)
%s: %s: Undefined the ANSI standard library defined macro %s
4.1.2.1(9)
%s: %s: The number of arguments in macro invocation does not match definition
%s: %s: Illegal character %s in preprocessor if
%s: %s: Illegal character %s for number in preprocessor if
%s: %s: No string is allowed in preprocessor if
%s: %s: Not supported pragma %s
%s: %s: Not supported #pragma format
%s: %s: Not supported #ident format
This cpp extension accepts the following format:
#ident "any string"
%s: %s: Not supported #assert/#unassert format
This cpp extension accepts the following format:
#assert identifier
#assert identifier ( pp-tokens )
#unassert identifier
#unassert identifier ( pp-tokens )
%s: %s: Bad assertion predicate format
The correct syntax for this cpp extension is:
#assert identifier ( pp-token )
%s: %s: directive is an upward-compatible ANSI C extension
A status return from cpp to cfe
Syntax Error
The token read was unexpected.
Syntax Error - cannot backup
The token read was unexpected.
Yacc stack overflow
The expression is too complicated to parse.
Trailing comma in enumerator list
The use of a trailing comma in an enumerator list is not standard C.  There
may be portability problems.
3.5.2.2
Empty declaration
Empty declarations are invalid in standard C.
3.5
%s declared, but not referenced.
redeclaration of '%s'; previous declaration at line %s in file '%s'
Identifier redeclared in the same scope/block.
3.1.2.3
'%s' undefined, reoccurrences will not be reported
Non function name referenced in function call
3.3.2.2(18)
Number of arguments doesn't agree with number in declaration
3.3.2.2(5)
'%s' section name longer than 8 characters. Name truncated.
'%s' is already placed by pragma alloc_text.
Cannot write ucode file for compiling %s
1) Filesystem full
2) Permissions problem
An identifier declared as a typedef name shall not be redeclared as a parameter.
If the declarator includes an identifier list, each declaration in the declaration list shall have at
least one declarator, and those declarators shall declare only identifiers from the identifier list.
An identifier declared as a typedef name shall not be redeclared as a parameter.  The declarations 
in the declaration list shall contain no storage-class specifier other than register and no 
initializations.
3.7.1(9)
Must have corresponding formal argument for '%s'
parameter found in the declaration part, but not in the argument list.
3.7.1(7)
non-prototype declaration is an obsolescent feature
The use of function definitions with separate parameter identifier
and declaration lists (not prototype-format parameter type and
identifier declarators) is an obsolescent feature.
3.9.5
Incompatible function declarations for %s
For two function types to be compatible, both shall specify compatible
return types. Moreover, the parameter type lists, if both are present,
shall agree in the number of parameters and in use of the ellipsis
terminator; corresponding parameters shall have compatible types. If
one type has a parameter type list and the other type is specified by
a function declarator that is not part of a function definition and
contains an empty identifier list, the parameter list shall not have 
an ellipsis terminator and the type of each parameter shall be 
compatible with they type that results from application of the default
argument promotions. If one type has a parameter type list and the 
other is specified by a function definition that contains a (possibly
empty) identifier list, both shall agree in the number of parameters,
and the type of each prototype parameter shall be compatible with the
type that results from application of the default argument promotions
to the type of the corresponding identifier. (For each parameter
declared with function or array type, its type for these comparisons
is the one that results from conversion to a pointer type. For each
parameter declared with qualified type, its type for these comparions
is the unqualified version of its declared type.) There you have it!
3.5.4.3(15)
Incompatible function return type for this function
For two function types to be compatible, both shall specify compatible
return types.
3.5.4.3(15)
The number of parameters for function is different from the previous declaration
The parameter type lists, if both are present, shall agree in the
number of parameters and in use of the ellipsis terminator
3.5.4.3(15)
Incompatible type for the function parameter
The parameter type lists, if both are present, corresponding
parameters shall have compatible types.
3.5.4.3(15)
prototype and non-prototype declaration found for %s, ellipsis terminator not allowed
If one type has a parameter type list and the other type is specified
by a function declarator that is not part of a function definition and
contains an empty identifier list, the parameter list shall not have
an ellipsis terminator and the type of each parameter shall be
compatible with they type that results from application of the default
argument promotions.
3.5.4.3(15)
prototype and non-prototype declaration found for %s, the type of this parameter is not compatible with the type after applying default argument promotion
If one type has a parameter type list and the other type is specified
by a function declarator that is not part of a function definition and
contains an empty identifier list, the type of each parameter shall be
compatible with the type that results from application of the default
argument promotions.
3.5.4.3(15)
prototype declaration and non-prototype definition found for %s, the type of this parameter is not compatible with the type after applying default argument promotion
If one type has a parameter type list and the other is specified by a
function definition that contains a (possibly empty) identifier list,
both shall agree in the number of parameters, and the type of each
prototype parameter shall be compatible with the type that results
from application of the default argument promotions to the type of the
corresponding identifier.
3.5.4.3(15)
Empty declaration specifiers
Standard C requires at least a storage class specifier, type specifier,
or a type qualifier in declarations.  'extern int' assumed.
3.5
Can't write to the file %s
1) The output file cannot be opened for writing.
2) Out of filespace
Duplicate '%s'
typedef, extern, static, auto, register, const, volatile may not
appear more than once in the same specifier list or qualifier list.
Duplicate occurrence ignored.
3.5.1(10) , 3.5.3(5)
Null input
There is nothing to compile. 
Illegal type combination
3.5.2
Missing ';' at end of structure / union member declaration
In standard C, each member declaration must be terminated by a ';'.  A
terminating ';' is assumed.
3.5.2.1
Missing member name in structure / union
In standard C, each member declaration have a member name.  The missing
member is assumed to not exist.
3.5.2.1
This variable is initialized twice
Neither 'const' or 'volatile' have any effect on function results
Qualifiers only apply to expressions designating an object that
can be altered or examined
3.5.3(10)
An integer constant expression required here.
The expression that defines the value of an enumeration constant
shall be an integral constant expression that has a value 
representable as an int.
3.5.2.2(28)
(previous declaration of '%s' at line %s in file '%s')
Must be an integer type greater than zero.
The array size must be either a char, signed or unsigned integer or
an enumerated type with a value greater than zero.
3.5.4.2
Array size cannot be a long long.
We do not support arrays with more than 2^32 elements in this systype.
The array size must be either a char, signed or unsigned integer or
an enumerated type with a value greater than zero.
3.5.4.2
bit-field '%s' width is not an integer constant
The expression that specifies the width of a bit-field shall be an
integral constant expression.
3.5.2.1(15)
bit-field '%s' width is negative
The expression that specifies the width of a bit-field shall be 
nonnegative.
3.5.2.1(15)
bit-field '%s' type required to be:int, unsigned int, or signed int
A bit-field shall have type int, unsigned int, or signed int.
3.5.2.1(30)
bit-field %s's type not integer
Non-scalar type or pointer type to a non-object for increment or decrement operator.
The operand of the prefix/postfix increment or decrement operator shall have scalar type; if it is pointer type, it has to point to an object
3.3.2.4(37), 3.3.3.1(25)
Assign value to an function type
An assignment operator shall have a modifiable lvalue as its left operand.
3.2.2.1(5)
Assign value to an array
An assignment operator shall have a modifiable lvalue as its left operand.
3.3.2.4(36), 3.3.3.1(24), 3.2.2.1(5)
Change value for variable of incomple type
The operand of increment and decrement operator shall be modifiable
scalar lvalue.  An assignment operator shall have a modifiable lvalue
as its left operand.
3.3.2.4(36), 3.3.3.1(24), 3.2.2.1(5)
This expression is not a lvalue.
3.2.2.1
Modified a rvalue.
3.2.2.1
Change value for constant variable
The operand of increment and decrement operator shall be modifiable
scalar lvalue.  An assignment operator shall have a modifiable lvalue
as its left operand.
3.3.2.4(36), 3.3.3.1(24), 3.2.2.1(5)
Change value for constant field of a struct or union
An assignment operator shall have a modifiable lvalue as its left operand.
3.3.2.4(36), 3.3.3.1(24), 3.2.2.1(5)
Dereference a non-pointer
The operand of the unary * operator shall have pointer type
3.3.3.2(39)
The operand of the unary + or - operator shall have arithmetic type
The operand of the unary + or - operator shall have arithmetic type
3.3.3.3(6)
The operand of the unary ~ operator shall have integral type
The operand of the unary ~ operator shall have integral type
3.3.3.3(6)
The operand of the unary ! operator shall have scalar type
The operand of the unary ! operator shall have scalar type
3.3.3.3(6)
Constants must have arithmetic type
Constants must have arithmetic type
3.1.3
Bad type name for cast operator
The type name for cast operator shall specifies eith void type
, or qualified or unqualified scalar type
3.3.4(22)
Improper cast of non-scalar type expression
The operand for cast operator shall be scalar type
3.3.4(23)
Cast a pointer into an non-integral type
A pointer may be converted to an integral type. 
3.3.4(31)
Duplicate member '%s'
The same members of a struct cannot be mentioned twice.
3.1.2.2(7,25)
Invalid constant expression
Constant expressions shall not contain assignment, increment, decrement,
function-call, or comma operators, except when they are containted within
the operand of sizeof operator.
3.4(9)
Constant expression must be derived from a constant value or a constant
variable
Constant expression must be derived from a constant value or a constant
variable
3.4
Unacceptable operand of &
The operand of the unary & operator shall be either a function
designator or an lvalue that designates an object that is not a
bit-field and is not declared with the register storage-class
specifier
3.3.3.2(36)
& before array or function: ignored
Unacceptable operand of sizeof operator
The sizeof operator shall not be applied to an expression that has
function type of an incomplete type, to the parenthsized name of such
a type, or to an lvalue that designates a bit-field object
3.3.3.4
Unacceptable operand of multiplicative operator
Each of the operands of multiplicative operator shall have arithmetic type
3.3.5(18)
Unacceptable operand of %
Each of the operands of % operator shall have integral type
3.3.5(18)
Unacceptable operand of +
For + operator, either both operands shall have arithmetic type, or
one operand shall be a pointer to an object type and the other shall
have integral type.
3.3.6(39)
Unacceptable operand of -
For subtraction operator, either both operands shall have arithmetic
type, or both operands are pointers to qualified or unqualified
versions of compatible object types, or the left operand is a pointer
to an object type and the right operand has integral type.
3.3.6(39)
Unacceptable operand of shift operator
Each of the operands for bitwise shift operators shall have integral type.
3.3.7(9)
Unacceptable operand of relational operator
For relational operator, one of the following shall hold: both
operands have arithmetic type; both operands are pointers to qualified
or unqualified versions of compatible object types; or both operands
are pointers to qualified or unqualified versions of compatible
incomplete types.
3.3.8(32)
Unacceptable operand of == or !=
For == or != operator, both operands are pointers to qualified or
unqualified versions of compatible types, or one operand is a pointer
to an object or incomplete type and the other is a pointer to a
qualified or unqualifified version of void, or one operand is a pointer
and the other is a null pointer constant
3.3.9(21)
Unacceptable operand of &
Each of the operands shall have integral type
3.3.10(7)
Unacceptable operand of ^
Each of the operands shall have integral type
3.3.11(18)
Unacceptable operand of |
Each of the operands shall have integral type
3.3.12(30)
Unacceptable operand of &&
Each of the operands shall have scalar type
3.3.13(7)
Unacceptable operand of ||
Each of the operands shall have scalar type
3.3.14(20)
Unacceptable operand of conditional operator
The first operand of conditional operator shall have scalar type.  One
of the following shall hold for the second and third operands: 
both operands have arithmetic type; both operands have compatible
structure or union types; both operands have void type; both opernads
are pointers to qualified or unqualified versions of compatible types;
one operand is a pointer and the other is a null pointer constant; or
one operand is pointer to an object or incomplete type and the other
is a pointer to a qualified or unqualified version of void.
3.3.15
Duplicate label '%s'
A label name can only occur once in a function.
3.1.2.1(25)
Divided by zero
Divided by zero
3.3.5
Subscripting a non-array
Subscripting a non-array
3.3.2.1
Subscripting an array of incomplete type which is not an object type
The element of the array shall have an object type
3.3.2.1
Should only subscript an array with an integral expression
Should only subscript an array with an integral expression
3.3.2.1
Subscripting an unbounded array
Subscripting an unbounded array
3.3.2.1
Array index out of range
Array index out of range
3.3.2.1
Select field within a non-struct data pointer
3.3.2.3
Select field within a non-struct variable
3.3.2.3
member of structure or union required
member of structure or union required
3.3.2.3
types have different qualifier specifications
For two qualified types to be compatible, both shall have the
identically qualified version of a compatible type. Qualified
and unqualified versions of a type are distince type. For two
types to be compatible their types must be the same.
3.5.3(26)
Incompatible array type due to different array size
For two array to be compatible, both shall have compatible element
type, and if both size specifiers are present, they shall have the
same value
3.5.4.2(11)
Incompatible array type due to incompatible element type
For two array to be compatible, both shall have compatible element
type.
3.5.4.2(11)
Incompatible pointer type assignment
The type pointed to by the left hand side of simple assignment
statement is incompatible to the type pointed to by the right
3.3.16.1, 3.5.4.1(21)
Incompatible base type of pointer type 
K&R compatible feature
Type for %s is incompatible with %s
Incompatible type can be resolved by casting or other means.
3.3.16.1
illegal combination of pointer and integer
Assigning a pointer to an integral expression is a bad practice
Type for %s is incompatible with %s
Incompatible type can be resolved by casting or other means.
3.1.2.6
Bad operand type for += or -=
Bad operand type for += or -=
3.3.16.2(26)
A case or default label appears outside a switch statement
A case or default label shall appear only in a switch statement
3.6.1
The controlling expression of the if statement is not scalar type 
The controlling expression of an if statement shall have scalar type
3.6.4.1
The controlling expression of switch statement is not integral type 
The controlling expression of an switch statement shall have integral type
3.6.4.2(20)
The case label is not an integral constant expression
The case lable shall be an integral constant expression
3.6.4.2(22)
Duplicate case label in the same switch statement
No two of the case constant expression in the same switch statement
shall have the same value after conversion.
3.6.4.2(22)
More than one default label in the same switch statement
There may be at most one default label in a switch statement
3.6.4.2(23)
The controlling expression of the iteration statement is not scalar
type
The controlling expression of a iteration statement shall have scalar
type
3.6.5.1
label '%s' used, but not defined
The identifier in a goto statement shall name a label located
somewhere in the enclosing function(s)
3.6.6.1
A continue statement shall appear only in or as a loop body
A continue statement shall appear only in or as a loop body
3.6.6.2
A break statement shall appear only in or as a switch body or loop body
A break statement shall appear only in or as a switch body or loop body
3.6.6.3
A return statement with an expresson shall not appear in a function
whose return type is void
A return statement with an expresson shall not appear in a function
whose return type is void
3.6.6.4(24)
A return statement without expresson appears in a function whose
return type is not void type
If a return statement without an expressonis executed, and the value
of the function call is used by the caller, the behavior is undefined
3.6.6.4(33)
Internal Error: statement stack underflow
Internal Error: statement stack underflow
Long double not supported; double assumed.
Long float not standard; double assumed.
Only 'register' allowed in parameter declaration
The only storage-class specifier that shall occur in a parameter
declaration is 'register'; illegal storage class ignored
3.5.4.3(25)
Name(s) without types in a function declaration
An oldstyle function declaration is not allowed to have names
in the parameter list; useless names ignored
3.5.4.3(26)
Functions cannot return functions
3.7.1(33), 3.3.2.2
Functions cannot return a non-object type
3.3.2.2
enum declaration must contain enum literals
As opposed to structs or unions declarations that can delay the
declarations of the members, a similar construction with enum does
not exist and is not necessary as there can be no mutual dependencies
between the declaration of an enumerated type and any other type.
3.5.2.3(27)
Register declaration has no effect
Register declaration for array, struct, and function types have
no effect.
3.5.1(16), 3.5.1(19)
Functions cannot be declared 'register'
The declaration of an identifier for a function that has block
scope shall have no explicit storage-class specifier other than
'extern'
3.5.1(19)
'%s' cannot be initialized
The type of the entity to be initialized shall be an object type
or an array of unkown size
3.5.7(32)
Cannot initialize 'extern' variable '%s' within a function
If the declaration of an identifier has block scope, and the 
identifier has 'extern' or 'static' linkage, the declaration
shall have no initializer for the identifier; initialization
done anyway
3.5.7(35)
initializing an 'extern' is an ANSI C extension
initializing an 'extern' is an error in nonANSI MIPS Compiler
conflicting declarations for '%s'
'static' and 'extern' declaration conflict. Which is meant?
3.1.2.2(15), 3.1.2.2(27)
Too many initial values for '%s'
3.5.7(1)
incompatible types in initialization
3.3.16(35)
redefinition of '%s'; previous definition at line %s in file '%s'
Identifier redeclared in the same scope/block.
3.1.2.3
bit-fields as members of a union is an ANSI C invention.
storage size for '%s' isn't known
type mismatch in initialization
missing braces in union initialization or illegally formed 
initialization
3.5.7(5)
union '%s' only allowed one initializier for the first member
3.5.7(5)
width of '%s' exceeds it type
the specified bitfield width is too large to be contained within 
bitfield type.
structure has no member named '%s'
This is allowed for compatibility with AT&T pcc based compilers
Reference an expression of void type or an incomplete type.
3.2.2.1
element size of array shall not be zero
3.2.2.5(25)
invalid combination of type specifiers
although order is unimportant not all type specifiers can occur together
3.5.2
declaration must at least declare an identifier, tag, or the member of an enumeration
3.5(16)
at most one storage class may be given in the declaration
Duplicate occurrence ignored.
3.5.1(10)
size of function's return type is zero
the return type of a function must be void or an object type other than array
3.7.1(33)
Expecting an integral return type from the main function
identifier missing from parameter declaration
prototypes for function definitions require identifier in parameter declaration
3.7.1(4)
only 'register' allowed for storage class for parameters
the declarations in the declaration list shall contain no storage-class
other than 'register' and no initiaizations.
3.7.1(10)
parameters declarations can not have initializations
3.7.1(10)
only one instance of 'void' allowed in the parameter list
'void' must occur by itself specifying that the function has no paramters
3.5.4.3(1)
%s must have function type
1) An argument list must be explicitely present in the declarator; it cannot
   be inherited from a typedef (3.5.4.3).
2) The declarator is not a function.
3.7.1(30)
Illegal hexadecimal constant
You have no digits after the 0x or 0X.  0x0 assumed.
3.1.3.2
value is outside range representable for type '%s'
missing member name
-std0 permits missing member name, otherwise only bitfields can omit 
member name
3.5.2.1(10)
useless keyword or type name in declaration
type was ignored
'%s' declared within and is limited to this function prototype
possible program error since parameter type checking will always fail
unless type declaration visible to caller.
3.1.2.1(35)
Extra spaces within operator, %s assumed
In standard C, the compound assignment operator cannot have embedded
whitespace characters.
3.1.5
missing size for array '%s'
Incomplete types permitted for identifiers with internal or
external linkage, but not automatic linkage.
3.1.2.5(10)
can't jump into (from outside of) the body of a 'try' or into either type of handler
'%s' missing, please #include excpt.h 
excpt.h required to declare exception statements, intrinsics or compiler
runtime names
local function declarations cannot be 'static'
A function declaration can only contain the storage-class 'static'
if it is at file scope. Declaration made 'extern'.
3.5.1(19)
static function '%s' declared and referenced, but not defined.
If an identifer declared with internal linkage is used in an 
expression (other than as a part of the operand of a sizeof
operator), there shall be exactly one external definition for
the identifier in the translation unit.
3.7(12)
pragma argument '%s' must be declared prior to be used in pragma
pragma name ignored
Pragma not supported
'%s' not enabled as intrinsic
It may have already appeared in a function pragma or never occured in
a intrinsic pragma
'%s' is already enabled as an intrinsic
weak definition for '%s' is later redefined; pragma ignored.
definition of primary name '%s' not found; pragma ignored.
primary name '%s' is declared as a common or external, 
and is not defined with initial value within this file).
useless '%s' storage class ignored
array of functions not allowed
the element type must be an object type representing a region
of data storage the contents of which can represent values
3.1.2.5(23)
array of voids not allowed
the element type must be an object type representing a region
of data storage the contents of which can represent values
3.1.2.5(23)
argument for pragma pack must be an integer constant; pragma ignored
'%s' has wrong tag type.
Identifier redeclared in the same scope/block.
3.1.2.3
missing dimension bound
for multidimensional arrays the constant bounds of the array may be
omitted only for the first member of the sequence.
3.1.2.5(23)
Internal error in parameters to function substr,loc: '%s', len: '%s'.
Internal error in parameters to function insertstr, indx: '%s'.
Internal error in function get_tag_name, input is a nontaggged type.
Internal error in function gen_type_str - not a type tree '%s'
Cannot open file '%s'
Prototype should be moved after tag or a typedef declaration.
Please look for comments in the extracted header file.
The extracted header file include prototypes for static functions,
which should be removed, if you wish to include the header in a source file
other than the originator.
ANSI C requires formal parameter before "..."
This extension is meant to be used for compatiblity with varargs.h
3.5.4.3(35)
syntax error: "&..." invalid
extension used to access "..." formal arguments.
function '%s' initialized like a variable
The type of entity to be initialized shall be an object type or an
array of unknown size.
3.5.7(31)
initializer not an array aggregate
the initializer for an object that has aggregate type shall be a 
brace-enclosed list of initializers for the members of the aggregate,
written in increasing subscript or member order.
3.5.7(20)
'%s' type is incomplete; cannot initialize
was struct ever defined?
3.5.7.(31)
'%s' is not standard ANSI.
This keyword/type is not defined in strict ANSI mode.
3.1.1
not a legal asm string
The first operand of an asm string should be, after argument substitution,
a legal assembly string.
ANSI C support unavailable with C compiler bundled with RISC/os
The C compiler bundled with RISC/os does not support ANSI C. ANSI
C support requires a separate license
'%s' not handled as an intrinsic due to incompatible argument types .
'__unalign' only qualifies pointers
'__unalign' indicates the object pointed at by pointer is unaligned, e.g.
int * __unalign p. This is an extension to ANSI C and like 'volatile'
and 'const' can follow the '*' in pointer declarations, but unlike both
cannot qualify a base type.
index expression is an anachronism
ANSI C++ doesn't support array index expressions in delete
5.3.4
member types cannot be function types or incomplete type.
3.5.2.1(27)
cannot open header message buffer file
cannot write header message buffer file
cannot read header message buffer file
cannot seek in header message buffer file
struct/union '%s' never defined
static '%s' unused
nonportable character comparison
comparison of unsigned with negative constant
comparison of unsigned with 0?
degenerate unsigned comparison
'%s' may be used before set
argument '%s' unused in function '%s'
'%s' unused in function '%s'
'%s' set but unused in function '%s'
function '%s' has return(e); and return;
main() returns random value to invocation environment
label without goto: '%s'
conversion to long may sign-extend incorrectly
conversion from long may lose accuracy
'%s' may be indistinguishable from '%s' due to internal name truncation
possible pointer alignment problem
       (as included in %s)
==============
unsupported language linkage
string-literal specifies an unsupported linkage
7.4(1)
No prototype for the call to %s
To achieve better type-checking, there should be a full prototype for
the function being called.
3.5.4.3
'inline' only applies to function declarations
leave statment can occur only within try body
Microsoft extension
Use of a Microsoft extension detected without enabling them with
compiler option -msft
Second arg in __builtin_va_start must be param
The second argument in va_start builtin must have 'parameter' storage class
Third arg in __builtin_va_start must be int/long constant
The Third arg in __builtin_va_start must be integer or long constant type
Arg count wrong for __builtin_va_start
The maximum number of arguments to __builtin_va_start is restricted to 3
Sizeof source operand in static initialization exceeds sizeof target - source value truncated
Sizeof source operand in static initialization exceeds sizeof target - source value truncated
Definition for incompletely typed object %s never found.
A corresponding definition for this object reference was not found.
A denormalized value was encountered by the compiler.  Use -Wf,-denorm switch to truncate value to zero
A denormalized value was encountered by the compiler.  Use -Wf,-denorm switch to truncate value to zero
A denormalized value was encountered by the compiler.  Value truncated to zero
A denormalized value was encountered by the compiler.  Value truncated to zero
Empty compilation - nothing to compile.
Empty compilation - nothing to compile.
