BUILD: Examining c:\dev\multimedia\directx\dxsdk\samples\vb\directplay\tutorials\tut09_clientserver\client directory for files to compile.
Compiling c:\dev\multimedia\directx\dxsdk\samples\vb\directplay\tutorials\tut09_clientserver\client directory ********************
'nmake.exe /c BUILDMSG=Stop. -i NTTEST= UMTEST= NOLINK=1 386=1'
	tlsc.exe "SampleInfo.xml"
Wait for 'TLSC_MUTEX' Mutex to open file.
Attempting to open: c:\binaries.x86chk\SampleInfo.XML
Looking for: /samples/sample[name='Client' and dxarea='DirectPlay' and dxsubarea='' and type='tutorial' and language='C#']
Adding new SampleInfo record to: c:\binaries.x86chk\SampleInfo.XML
Saved changes to: c:\binaries.x86chk\SampleInfo.XML

Stop.
Elapsed time [0:00:01.272] ********************
Linking c:\dev\multimedia\directx\dxsdk\samples\vb\directplay\tutorials\tut09_clientserver\client directory ********************
'nmake.exe /c BUILDMSG=Stop. -i LINKONLY=1 NOPASS0=1 NTTEST= UMTEST= 386=1'
	vbc.exe -nologo  /target:winexe /out:obj\i386\vbClient.exe /warnaserror+  /win32icon:c:\dev\multimedia\directx\dxsdk\samples\vb\common\directx.ico /imports:Microsoft.DirectX.DirectPlay /imports:System.Threading /imports:System.Windows.Forms /imports:System /imports:System.Drawing /imports:System.Diagnostics /imports:Microsoft.VisualBasic /imports:System.Collections /debug:full /define:DEBUG=1 /r:c:\dev\multimedia\directx\manageddx\DXHelper\obj\i386\Microsoft.DirectX.dll /r:c:\dev\multimedia\directx\manageddx\dplay\obj\i386\Microsoft.DirectX.DirectPlay.dll /r:System.dll /r:System.Windows.Forms.dll /r:System.Drawing.dll ApplicationForm.vb  Client.vb  ConnectDialog.vb  HostInfo.vb
	tlsc.exe "SampleInfo.xml"
Wait for 'TLSC_MUTEX' Mutex to open file.
Attempting to open: c:\binaries.x86chk\SampleInfo.XML
Looking for: /samples/sample[name='Client' and dxarea='DirectPlay' and dxsubarea='' and type='tutorial' and language='C#']
Updating SampleInfo record in: c:\binaries.x86chk\SampleInfo.XML
Saved changes to: c:\binaries.x86chk\SampleInfo.XML
	( echo. )
 

Stop.
Elapsed time [0:00:02.734] ********************
Executing post build scripts  ********************
Checkout Public Changes
'c:\dev\tools\edit_public.cmd '
Change 121777 unknown.
Change 121777 unknown.
BUILDMSG: Error attempting to publish files
BUILDMSG: error: Change 121777 unknown.
error: Change 121777 unknown.
exit: 1
