 [Params]
	WndTitle   = Microsoft WinG Setup
	WndMess    = Initializing Setup...
	TmpDirSize = 500
	TmpDirName = ~wing.tmp
	CmdLine    = _mstest wing.mst /C "/S %s %s"
	DrvModName = DSHELL

[Files]
	wing.mst  = wing.mst
	wing.in_  = wing.inf
	setupapi.in_ = setupapi.inc
	msuilstf.dl_ = msuilstf.dll
	mscuistf.dl_ = mscuistf.dll
	mscomstf.dl_ = mscomstf.dll
	msdetstf.dl_ = msdetstf.dll
	msinsstf.dl_ = msinsstf.dll
	msshlstf.dl_ = msshlstf.dll
        setuphlp.dl_   = setuphlp.dll
	_mstest.ex_  = _mstest.exe
	_mssetup.ex_ = _mssetup.exe

