[Params]
	WndTitle   = Windows Messaging Subsystem PDK
	WndMess    = Initializing Setup...
	TmpDirSize = 500
	TmpDirName = ~msstfqf.t
	CmdLine    = _mstest setup.mst /C "/S %s %s"
	DrvModName = DSHELL

[Files]
	setup.mst  = setup.mst
	setup.inf  = setup.inf
	setupapi.inc = setupapi.inc
	msdetect.inc = msdetect.inc
	mscpydis.inc = mscpydis.inc
	mscpydis.dll = mscpydis.dll
	mscomstf.dll = mscomstf.dll
	msinsstf.dll = msinsstf.dll
	msuilstf.dll = msuilstf.dll
	msshlstf.dll = msshlstf.dll
	mscuistf.dll = mscuistf.dll
	msdetstf.dll = msdetstf.dll
        _mstest.exe  = _mstest.exe
	_mssetup.exe = _mssetup.exe
    	ver.dll      = ver.dll

