2003    "missing source filename"
2004	"'/%s' requires an argument"
2016    "'/%s%s' and '/%s%s' command-line options are incompatible"
2018	"cannot create linker response file"
2021	"invalid numeric argument '/%s%s'"
2022	"cannot open '%s'"
2027	"cannot execute '%s'"
2030	"INTERNAL COMPILER ERROR in '%s'"
2034	"error reading '%s'"
2035	"response files nested too deeply"
2036	"'/%s%s' not allowed with multiple source files"
2000	"UNKNOWN COMMAND-LINE ERROR"
4002	"ignoring unknown option '%s'"
4007	"'%s' requires '%s'; option ignored"
4014	"invalid value '%d' for '/%s'; assuming '%d'"
4015    "invalid assembly listing configuration '%s%s'"
4021    "no action performed"
4024	"unrecognized source file type '%s', object file assumed"
4025	"overriding '/%s%s' with '/%s%s'"
4026	"options apply to entire command line"
4000	"UNKNOWN COMMAND-LINE WARNING"
