[Params]
	WndTitle     = Microsoft Visual SourceSafe Setup
	WndMess      = Beginning Visual SourceSafe Setup...
	TmpDirSize   = 900
	TmpDirName   = ~msstfqf.t
	CmdLine      = acmsetup /^ /T setup.stf /S %s %s
	DrvModName   = ACMSETUP
	DrvWinClass  = Stuff-Shell
	Require31    = This application requires a newer version of Microsoft Windows.
	CabinetFile  = ssafe1.cab

[Files]
	@acmsetup.exe = acmsetup.exe
	@acmsetup.hlp = acmsetup.hlp
	@mssetup.dll  = mssetup.dll
	@mscpydis.dll = mscpydis.dll
	@_mssetup.exe = _mssetup.exe
	@ssafe_bb.dll = ssafe_bb.dll
    @wwsetup.ttf  = wwsetup.ttf
	@setup.stf    = setup.stf
	ss4.inf       = ss4.inf


