        AB32.dll rebased to 0x77fd0000 (size 0x00030000)
     acledit.dll rebased to 0x77f90000 (size 0x00040000)
    advapi32.dll rebased to 0x77f50000 (size 0x00040000)
      alrsvc.dll rebased to 0x77f40000 (size 0x00010000)
    amdncdet.dll rebased to 0x77f30000 (size 0x00010000)
         ati.dll rebased to 0x77f10000 (size 0x00020000)
     basesrv.dll rebased to 0x77ef0000 (size 0x00020000)
         bde.dll rebased to 0x77ee0000 (size 0x00010000)
     browser.dll rebased to 0x77ec0000 (size 0x00020000)
       cards.dll rebased to 0x77e90000 (size 0x00030000)
         clb.dll rebased to 0x77e80000 (size 0x00010000)
    comctl32.dll rebased to 0x77e60000 (size 0x00020000)
    comdlg32.dll rebased to 0x77e30000 (size 0x00030000)
      crtdll.dll rebased to 0x77e00000 (size 0x00030000)
      csrsrv.dll rebased to 0x77df0000 (size 0x00010000)
       cufat.dll rebased to 0x77de0000 (size 0x00010000)
      cuhpfs.dll rebased to 0x77dc0000 (size 0x00020000)
     DEMIL32.dll rebased to 0x77da0000 (size 0x00020000)
    dgconfig.dll rebased to 0x77d80000 (size 0x00020000)
    digiinst.dll rebased to 0x77d70000 (size 0x00010000)
      dlcapi.dll rebased to 0x77d60000 (size 0x00010000)
     drivers.dll rebased to 0x77d40000 (size 0x00020000)
       fmifs.dll rebased to 0x77d30000 (size 0x00010000)
     FRAME32.dll rebased to 0x77ce0000 (size 0x00050000)
    framebuf.dll rebased to 0x77cd0000 (size 0x00010000)
     fteng32.dll rebased to 0x77cb0000 (size 0x00020000)
      ftpsmx.dll rebased to 0x77ca0000 (size 0x00010000)
      ftpsvc.dll rebased to 0x77c90000 (size 0x00010000)
      ftui32.dll rebased to 0x77c70000 (size 0x00020000)
       gdi32.dll rebased to 0x77c30000 (size 0x00040000)
     gdiexts.dll rebased to 0x77c10000 (size 0x00020000)
       hpmon.dll rebased to 0x77bf0000 (size 0x00020000)
    hpscan32.dll rebased to 0x77bd0000 (size 0x00020000)
        htui.dll rebased to 0x77bb0000 (size 0x00020000)
        icmp.dll rebased to 0x77ba0000 (size 0x00010000)
     ifsutil.dll rebased to 0x77b80000 (size 0x00020000)
    imagehlp.dll rebased to 0x77b60000 (size 0x00020000)
    IMPEXP32.dll rebased to 0x77b40000 (size 0x00020000)
    inetmib1.dll rebased to 0x77b20000 (size 0x00020000)
    iologmsg.dll rebased to 0x77b10000 (size 0x00010000)
        isdn.dll rebased to 0x77aa0000 (size 0x00070000)
       kbdbe.dll rebased to 0x77a90000 (size 0x00010000)
       kbdca.dll rebased to 0x77a80000 (size 0x00010000)
       kbdcz.dll rebased to 0x77a70000 (size 0x00010000)
       kbdda.dll rebased to 0x77a60000 (size 0x00010000)
       kbddv.dll rebased to 0x77a50000 (size 0x00010000)
       kbdes.dll rebased to 0x77a40000 (size 0x00010000)
       kbdfc.dll rebased to 0x77a30000 (size 0x00010000)
       kbdfi.dll rebased to 0x77a20000 (size 0x00010000)
       kbdfr.dll rebased to 0x77a10000 (size 0x00010000)
       kbdgr.dll rebased to 0x77a00000 (size 0x00010000)
       kbdhe.dll rebased to 0x779f0000 (size 0x00010000)
       KBDHU.dll rebased to 0x779e0000 (size 0x00010000)
       kbdic.dll rebased to 0x779d0000 (size 0x00010000)
       kbdit.dll rebased to 0x779c0000 (size 0x00010000)
       kbdla.dll rebased to 0x779b0000 (size 0x00010000)
       kbdne.dll rebased to 0x779a0000 (size 0x00010000)
       kbdno.dll rebased to 0x77990000 (size 0x00010000)
      kbdpl1.dll rebased to 0x77980000 (size 0x00010000)
       kbdpo.dll rebased to 0x77970000 (size 0x00010000)
       kbdru.dll rebased to 0x77960000 (size 0x00010000)
       kbdsf.dll rebased to 0x77950000 (size 0x00010000)
       kbdsg.dll rebased to 0x77940000 (size 0x00010000)
       kbdsp.dll rebased to 0x77930000 (size 0x00010000)
       kbdsw.dll rebased to 0x77920000 (size 0x00010000)
       kbduk.dll rebased to 0x77910000 (size 0x00010000)
       kbdus.dll rebased to 0x77900000 (size 0x00010000)
      kbdusl.dll rebased to 0x778f0000 (size 0x00010000)
      kbdusr.dll rebased to 0x778e0000 (size 0x00010000)
      kbdusx.dll rebased to 0x778d0000 (size 0x00010000)
    kernel32.dll rebased to 0x77870000 (size 0x00060000)
      lmhsvc.dll rebased to 0x77860000 (size 0x00010000)
      lmmib2.dll rebased to 0x77840000 (size 0x00020000)
       lmmon.dll rebased to 0x77830000 (size 0x00010000)
    lmuicmn0.dll rebased to 0x77790000 (size 0x000a0000)
    lmuicmn1.dll rebased to 0x77750000 (size 0x00040000)
    localmon.dll rebased to 0x77740000 (size 0x00010000)
    localspl.dll rebased to 0x77720000 (size 0x00020000)
      lsasrv.dll rebased to 0x776f0000 (size 0x00030000)
        lz32.dll rebased to 0x776e0000 (size 0x00010000)
     MAILM32.dll rebased to 0x776c0000 (size 0x00020000)
      Mapi32.dll rebased to 0x776b0000 (size 0x00010000)
      MAPIXX.dll rebased to 0x77690000 (size 0x00020000)
    mciavi32.dll rebased to 0x77670000 (size 0x00020000)
      mcicda.dll rebased to 0x77660000 (size 0x00010000)
    mciole32.dll rebased to 0x77650000 (size 0x00010000)
      mciseq.dll rebased to 0x77640000 (size 0x00010000)
     mciwave.dll rebased to 0x77630000 (size 0x00010000)
      mf3216.dll rebased to 0x77610000 (size 0x00020000)
     mgmtapi.dll rebased to 0x77600000 (size 0x00010000)
     midimap.dll rebased to 0x775e0000 (size 0x00020000)
       mmdrv.dll rebased to 0x775d0000 (size 0x00010000)
    mmSndSrv.dll rebased to 0x775c0000 (size 0x00010000)
    moricons.dll rebased to 0x77590000 (size 0x00030000)
         mpr.dll rebased to 0x77570000 (size 0x00020000)
       mprui.dll rebased to 0x77540000 (size 0x00030000)
    msaudite.dll rebased to 0x77530000 (size 0x00010000)
     msncdet.dll rebased to 0x77510000 (size 0x00020000)
      msobjs.dll rebased to 0x77500000 (size 0x00010000)
    mspell32.dll rebased to 0x774d0000 (size 0x00030000)
     msprivs.dll rebased to 0x774c0000 (size 0x00010000)
    MSSCHD32.dll rebased to 0x77470000 (size 0x00050000)
     MSSFS32.dll rebased to 0x77410000 (size 0x00060000)
      msv1_0.dll rebased to 0x77400000 (size 0x00010000)
     msvfw32.dll rebased to 0x773e0000 (size 0x00020000)
    msvidc32.dll rebased to 0x773d0000 (size 0x00010000)
     mvapi32.dll rebased to 0x773c0000 (size 0x00010000)
     MVAUDIO.dll rebased to 0x773b0000 (size 0x00010000)
      mvfs32.dll rebased to 0x77390000 (size 0x00020000)
      MVOPL3.dll rebased to 0x77380000 (size 0x00010000)
      nbtsvc.dll rebased to 0x77370000 (size 0x00010000)
     nddeapi.dll rebased to 0x77360000 (size 0x00010000)
    netapi32.dll rebased to 0x772f0000 (size 0x00070000)
     netbios.dll rebased to 0x772e0000 (size 0x00010000)
    netdtect.dll rebased to 0x772d0000 (size 0x00010000)
    netevent.dll rebased to 0x772b0000 (size 0x00020000)
        neth.dll rebased to 0x77270000 (size 0x00040000)
    netlogon.dll rebased to 0x77240000 (size 0x00030000)
      netmsg.dll rebased to 0x77210000 (size 0x00030000)
      NetRap.dll rebased to 0x77200000 (size 0x00010000)
    npincdet.dll rebased to 0x771f0000 (size 0x00010000)
       ntdll.dll rebased to 0x771a0000 (size 0x00050000)
    ntlanman.dll rebased to 0x77170000 (size 0x00030000)
    ntsdexts.dll rebased to 0x77160000 (size 0x00010000)
       ntvdm.dll rebased to 0x77150000 (size 0x00010000)
    nwlnkcfg.dll rebased to 0x77140000 (size 0x00010000)
    nwlnkmsg.dll rebased to 0x77130000 (size 0x00010000)
    nwnblink.dll rebased to 0x77120000 (size 0x00010000)
    olecli32.dll rebased to 0x77100000 (size 0x00020000)
    olesvr32.dll rebased to 0x770e0000 (size 0x00020000)
    PABNSP32.dll rebased to 0x770c0000 (size 0x00020000)
    perfctrs.dll rebased to 0x770a0000 (size 0x00020000)
      psxdll.dll rebased to 0x77070000 (size 0x00030000)
    rasadmin.dll rebased to 0x77060000 (size 0x00010000)
    rasapi32.dll rebased to 0x77050000 (size 0x00010000)
    rascauth.dll rebased to 0x77040000 (size 0x00010000)
      rascfg.dll rebased to 0x77020000 (size 0x00020000)
    rasfil32.dll rebased to 0x77010000 (size 0x00010000)
     rasgtwy.dll rebased to 0x76ff0000 (size 0x00020000)
      rasman.dll rebased to 0x76fe0000 (size 0x00010000)
      rasmsg.dll rebased to 0x76fd0000 (size 0x00010000)
      rasmxs.dll rebased to 0x76fc0000 (size 0x00010000)
      RASRES.dll rebased to 0x76fb0000 (size 0x00010000)
    rassauth.dll rebased to 0x76f90000 (size 0x00020000)
      rasser.dll rebased to 0x76f80000 (size 0x00010000)
     rpcltc1.dll rebased to 0x76f70000 (size 0x00010000)
     rpcltc3.dll rebased to 0x76f60000 (size 0x00010000)
     rpcltc5.dll rebased to 0x76f50000 (size 0x00010000)
     rpcltc6.dll rebased to 0x76f40000 (size 0x00010000)
     rpclts1.dll rebased to 0x76f30000 (size 0x00010000)
     rpclts3.dll rebased to 0x76f20000 (size 0x00010000)
     rpclts5.dll rebased to 0x76f10000 (size 0x00010000)
     rpclts6.dll rebased to 0x76f00000 (size 0x00010000)
      RpcNs4.dll rebased to 0x76ee0000 (size 0x00020000)
      rpcrt4.dll rebased to 0x76eb0000 (size 0x00030000)
          s3.dll rebased to 0x76e90000 (size 0x00020000)
      samlib.dll rebased to 0x76e70000 (size 0x00020000)
      samsrv.dll rebased to 0x76e40000 (size 0x00030000)
    SCHMSG32.dll rebased to 0x76e20000 (size 0x00020000)
    SENDFL32.dll rebased to 0x76e10000 (size 0x00010000)
    setupdll.dll rebased to 0x76df0000 (size 0x00020000)
      sfmapi.dll rebased to 0x76dd0000 (size 0x00020000)
    sfmatcfg.dll rebased to 0x76db0000 (size 0x00020000)
    sfmatmsg.dll rebased to 0x76da0000 (size 0x00010000)
      sfmmon.dll rebased to 0x76d80000 (size 0x00020000)
      sfmmsg.dll rebased to 0x76d70000 (size 0x00010000)
    sfmpsdib.dll rebased to 0x76cb0000 (size 0x000c0000)
    sfmpsfnt.dll rebased to 0x76ca0000 (size 0x00010000)
      SFMRES.dll rebased to 0x76c90000 (size 0x00010000)
     SFMUTIL.dll rebased to 0x76c80000 (size 0x00010000)
    sfmwshat.dll rebased to 0x76c60000 (size 0x00020000)
     shell32.dll rebased to 0x76c40000 (size 0x00020000)
     sndblst.dll rebased to 0x76c30000 (size 0x00010000)
    sndsys32.dll rebased to 0x76c20000 (size 0x00010000)
       sound.dll rebased to 0x76c10000 (size 0x00010000)
     spoolss.dll rebased to 0x76c00000 (size 0x00010000)
      srvsvc.dll rebased to 0x76bd0000 (size 0x00030000)
     STORE32.dll rebased to 0x76b70000 (size 0x00060000)
       synth.dll rebased to 0x76b60000 (size 0x00010000)
    tcpipsvc.dll rebased to 0x76b50000 (size 0x00010000)
      telnet.dll rebased to 0x76b40000 (size 0x00010000)
    trnsch32.dll rebased to 0x76b30000 (size 0x00010000)
     ubnbmsg.dll rebased to 0x76b20000 (size 0x00010000)
        ufat.dll rebased to 0x76b00000 (size 0x00020000)
       uhpfs.dll rebased to 0x76ad0000 (size 0x00030000)
        ulib.dll rebased to 0x76aa0000 (size 0x00030000)
       untfs.dll rebased to 0x76a50000 (size 0x00050000)
        ureg.dll rebased to 0x76a40000 (size 0x00010000)
      user32.dll rebased to 0x76a00000 (size 0x00040000)
    userexts.dll rebased to 0x769e0000 (size 0x00020000)
       vcdex.dll rebased to 0x769d0000 (size 0x00010000)
      vdmdbg.dll rebased to 0x769c0000 (size 0x00010000)
    vdmredir.dll rebased to 0x769a0000 (size 0x00020000)
     version.dll rebased to 0x76990000 (size 0x00010000)
     vform32.dll rebased to 0x76950000 (size 0x00040000)
         vga.dll rebased to 0x76920000 (size 0x00030000)
      vga256.dll rebased to 0x76900000 (size 0x00020000)
      vga64k.dll rebased to 0x768f0000 (size 0x00010000)
    WGPOMG32.dll rebased to 0x768c0000 (size 0x00030000)
    win32spl.dll rebased to 0x768a0000 (size 0x00020000)
       winmm.dll rebased to 0x76880000 (size 0x00020000)
      winmsd.dll rebased to 0x76870000 (size 0x00010000)
      winsrv.dll rebased to 0x766f0000 (size 0x00180000)
     winstrm.dll rebased to 0x766e0000 (size 0x00010000)
      wkssvc.dll rebased to 0x766c0000 (size 0x00020000)
       wow32.dll rebased to 0x76660000 (size 0x00060000)
    wshnwlnk.dll rebased to 0x76650000 (size 0x00010000)
    wshtcpip.dll rebased to 0x76640000 (size 0x00010000)
      wshxns.dll rebased to 0x76630000 (size 0x00010000)
     wsock32.dll rebased to 0x76610000 (size 0x00020000)
     xactsrv.dll rebased to 0x765f0000 (size 0x00020000)
         xga.dll rebased to 0x765d0000 (size 0x00020000)
      xnscfg.dll rebased to 0x765c0000 (size 0x00010000)
      xnsmsg.dll rebased to 0x765b0000 (size 0x00010000)
     cursors.cpl rebased to 0x765a0000 (size 0x00010000)
      ftpmgr.cpl rebased to 0x76580000 (size 0x00020000)
        main.cpl rebased to 0x76540000 (size 0x00040000)
    multimed.cpl rebased to 0x76530000 (size 0x00010000)
        ncpa.cpl rebased to 0x76490000 (size 0x000a0000)
     schemes.cpl rebased to 0x76480000 (size 0x00010000)
      sfmmgr.cpl rebased to 0x76430000 (size 0x00050000)
      srvmgr.cpl rebased to 0x763e0000 (size 0x00050000)
         ups.cpl rebased to 0x763d0000 (size 0x00010000)
     msacm32.drv rebased to 0x763c0000 (size 0x00010000)
    winspool.drv rebased to 0x76390000 (size 0x00030000)
         cap.dll rebased to 0x76370000 (size 0x00020000)
          dm.dll rebased to 0x76350000 (size 0x00020000)
       dm32s.dll rebased to 0x76330000 (size 0x00020000)
    eecanmip.dll rebased to 0x76300000 (size 0x00030000)
    eecanx86.dll rebased to 0x762d0000 (size 0x00030000)
    eecxxmip.dll rebased to 0x762a0000 (size 0x00030000)
    eecxxx86.dll rebased to 0x76270000 (size 0x00030000)
       emmip.dll rebased to 0x76250000 (size 0x00020000)
       emx86.dll rebased to 0x76230000 (size 0x00020000)
    fastimer.dll rebased to 0x76210000 (size 0x00020000)
    fernel32.dll rebased to 0x761f0000 (size 0x00020000)
      filter.dll rebased to 0x761e0000 (size 0x00010000)
      gutils.dll rebased to 0x761c0000 (size 0x00020000)
        hook.dll rebased to 0x761b0000 (size 0x00010000)
     justify.dll rebased to 0x761a0000 (size 0x00010000)
      kdexts.dll rebased to 0x76190000 (size 0x00010000)
    lineedit.dll rebased to 0x76180000 (size 0x00010000)
       mhelp.dll rebased to 0x76170000 (size 0x00010000)
      mshelp.dll rebased to 0x76160000 (size 0x00010000)
      pmatch.dll rebased to 0x76150000 (size 0x00010000)
        shcv.dll rebased to 0x76130000 (size 0x00020000)
      symcvt.dll rebased to 0x76120000 (size 0x00010000)
    testctrl.dll rebased to 0x76110000 (size 0x00010000)
    TESTDLGS.dll rebased to 0x760f0000 (size 0x00020000)
    testevnt.dll rebased to 0x760e0000 (size 0x00010000)
    TESTSCRN.dll rebased to 0x760c0000 (size 0x00020000)
    testvw32.dll rebased to 0x760b0000 (size 0x00010000)
     tglcase.dll rebased to 0x760a0000 (size 0x00010000)
       tlloc.dll rebased to 0x76090000 (size 0x00010000)
      tlpipe.dll rebased to 0x76080000 (size 0x00010000)
       tlser.dll rebased to 0x76060000 (size 0x00020000)
    tlser32s.dll rebased to 0x76040000 (size 0x00020000)
      ulcase.dll rebased to 0x76030000 (size 0x00010000)
    wdbgexts.dll rebased to 0x76020000 (size 0x00010000)
         ws1.dll rebased to 0x76010000 (size 0x00010000)
         wst.dll rebased to 0x76000000 (size 0x00010000)
       zdi32.dll rebased to 0x75fe0000 (size 0x00020000)
    zdvapi32.dll rebased to 0x75fc0000 (size 0x00020000)
    zernel32.dll rebased to 0x75f90000 (size 0x00030000)
      zrtdll.dll rebased to 0x75f70000 (size 0x00020000)
      zser32.dll rebased to 0x75f40000 (size 0x00030000)
    aboutwep.dll rebased to 0x75f30000 (size 0x00010000)
    APPXEC32.dll rebased to 0x75f20000 (size 0x00010000)
       BCC32.dll rebased to 0x75f10000 (size 0x00010000)
    EMPTYW32.dll rebased to 0x75f00000 (size 0x00010000)
    FILTER32.dll rebased to 0x75ef0000 (size 0x00010000)
     mbrowse.dll rebased to 0x75ee0000 (size 0x00010000)
    mepparty.dll rebased to 0x75ed0000 (size 0x00010000)
      netobj.dll rebased to 0x75ec0000 (size 0x00010000)
     SECEDIT.dll rebased to 0x75eb0000 (size 0x00010000)
    strmexts.dll rebased to 0x75ea0000 (size 0x00010000)
     tcpexts.dll rebased to 0x75e90000 (size 0x00010000)
     tophook.dll rebased to 0x75e80000 (size 0x00010000)
    TRNNCX32.dll rebased to 0x75e70000 (size 0x00010000)
    wizard32.dll rebased to 0x75e60000 (size 0x00010000)
     XENIX32.dll rebased to 0x75e50000 (size 0x00010000)
    XIMAIL32.dll rebased to 0x75e10000 (size 0x00040000)
      msft32.dll rebased to 0x75e00000 (size 0x00010000)
       oof32.dll rebased to 0x75df0000 (size 0x00010000)

Total Size of mapping 0x02210000
Range 0x75df0000 - 0x78000000

     aclconv.exe rebased to 0x01000000 (size 0x00030000)
         arp.exe rebased to 0x01030000 (size 0x00010000)
          at.exe rebased to 0x01040000 (size 0x00020000)
       atsvc.exe rebased to 0x01060000 (size 0x00010000)
      attrib.exe rebased to 0x01070000 (size 0x00010000)
     autochk.exe rebased to 0x01080000 (size 0x000a0000)
    autoconv.exe rebased to 0x01120000 (size 0x000b0000)
    autosetp.exe rebased to 0x011d0000 (size 0x00010000)
      bootok.exe rebased to 0x011e0000 (size 0x00010000)
    bootvrfy.exe rebased to 0x011f0000 (size 0x00010000)
        calc.exe rebased to 0x01200000 (size 0x00020000)
    cardfile.exe rebased to 0x01220000 (size 0x00030000)
    cdplayer.exe rebased to 0x01250000 (size 0x00030000)
     charmap.exe rebased to 0x01280000 (size 0x00010000)
      chkdsk.exe rebased to 0x01290000 (size 0x00010000)
     CLIPBRD.exe rebased to 0x012a0000 (size 0x00030000)
     CLIPSRV.exe rebased to 0x012d0000 (size 0x00020000)
       clock.exe rebased to 0x012f0000 (size 0x00010000)
         cmd.exe rebased to 0x01300000 (size 0x00030000)
        comp.exe rebased to 0x01330000 (size 0x00010000)
     control.exe rebased to 0x01340000 (size 0x00010000)
     convert.exe rebased to 0x01350000 (size 0x00010000)
       csrss.exe rebased to 0x01360000 (size 0x00010000)
    ddeshare.exe rebased to 0x01370000 (size 0x00020000)
    diskperf.exe rebased to 0x01390000 (size 0x00010000)
      doskey.exe rebased to 0x013a0000 (size 0x00010000)
    drwtsn32.exe rebased to 0x013b0000 (size 0x00020000)
    eventlog.exe rebased to 0x013d0000 (size 0x00020000)
    eventvwr.exe rebased to 0x013f0000 (size 0x00040000)
      expand.exe rebased to 0x01430000 (size 0x00010000)
          fc.exe rebased to 0x01440000 (size 0x00010000)
        find.exe rebased to 0x01450000 (size 0x00010000)
     findstr.exe rebased to 0x01460000 (size 0x00020000)
      finger.exe rebased to 0x01480000 (size 0x00010000)
    forcedos.exe rebased to 0x01490000 (size 0x00010000)
    freecell.exe rebased to 0x014a0000 (size 0x00020000)
         ftp.exe rebased to 0x014c0000 (size 0x00020000)
      ftpsvc.exe rebased to 0x014e0000 (size 0x00020000)
        help.exe rebased to 0x01500000 (size 0x00010000)
    hostname.exe rebased to 0x01510000 (size 0x00010000)
    ipxroute.exe rebased to 0x01520000 (size 0x00010000)
       label.exe rebased to 0x01530000 (size 0x00010000)
      LmRepl.exe rebased to 0x01540000 (size 0x00030000)
      lmsvcs.exe rebased to 0x01570000 (size 0x00010000)
     locator.exe rebased to 0x01580000 (size 0x00020000)
       lsass.exe rebased to 0x015a0000 (size 0x00010000)
    MAILSP32.exe rebased to 0x015b0000 (size 0x00020000)
     MapiSrv.exe rebased to 0x015d0000 (size 0x00010000)
    mcsxnsvc.exe rebased to 0x015e0000 (size 0x00010000)
     MPlay32.exe rebased to 0x015f0000 (size 0x00030000)
    mpnotify.exe rebased to 0x01620000 (size 0x00010000)
      msgsvc.exe rebased to 0x01630000 (size 0x00020000)
    MSMAIL32.exe rebased to 0x01650000 (size 0x00070000)
    msrmnd32.exe rebased to 0x016c0000 (size 0x00020000)
     musrmgr.exe rebased to 0x016e0000 (size 0x00070000)
     nbtstat.exe rebased to 0x01750000 (size 0x00010000)
    nddeagnt.exe rebased to 0x01760000 (size 0x00010000)
    nddeapir.exe rebased to 0x01770000 (size 0x00010000)
         net.exe rebased to 0x01780000 (size 0x00040000)
      netdde.exe rebased to 0x017c0000 (size 0x00030000)
     netstat.exe rebased to 0x017f0000 (size 0x00010000)
     notepad.exe rebased to 0x01800000 (size 0x00020000)
    ntbackup.exe rebased to 0x01820000 (size 0x000c0000)
        ntsd.exe rebased to 0x018e0000 (size 0x00040000)
       ntvdm.exe rebased to 0x01920000 (size 0x00110000)
    nwlnksvc.exe rebased to 0x01a30000 (size 0x00010000)
    nwnblink.exe rebased to 0x01a40000 (size 0x00010000)
         os2.exe rebased to 0x01a50000 (size 0x00090000)
      os2srv.exe rebased to 0x01ae0000 (size 0x00040000)
       os2ss.exe rebased to 0x01b20000 (size 0x00010000)
    packgr32.exe rebased to 0x01b30000 (size 0x00020000)
         pax.exe rebased to 0x01b50000 (size 0x00020000)
      pbrush.exe rebased to 0x01b70000 (size 0x00050000)
     perfmon.exe rebased to 0x01bc0000 (size 0x00040000)
     pifedit.exe rebased to 0x01c00000 (size 0x00020000)
        ping.exe rebased to 0x01c20000 (size 0x00010000)
     PortUas.exe rebased to 0x01c30000 (size 0x00010000)
       posix.exe rebased to 0x01c40000 (size 0x00020000)
       print.exe rebased to 0x01c60000 (size 0x00010000)
    printman.exe rebased to 0x01c70000 (size 0x00030000)
     progman.exe rebased to 0x01ca0000 (size 0x00040000)
       psxss.exe rebased to 0x01ce0000 (size 0x00030000)
    rasadmin.exe rebased to 0x01d10000 (size 0x00050000)
     rasdial.exe rebased to 0x01d60000 (size 0x00010000)
      rasman.exe rebased to 0x01d70000 (size 0x00010000)
      rasmon.exe rebased to 0x01d80000 (size 0x00020000)
    rasphone.exe rebased to 0x01da0000 (size 0x00040000)
      rassrv.exe rebased to 0x01de0000 (size 0x00010000)
         rcp.exe rebased to 0x01df0000 (size 0x00010000)
     recover.exe rebased to 0x01e00000 (size 0x00010000)
    regedt32.exe rebased to 0x01e10000 (size 0x00030000)
     replace.exe rebased to 0x01e40000 (size 0x00010000)
     restore.exe rebased to 0x01e50000 (size 0x00020000)
       rexec.exe rebased to 0x01e70000 (size 0x00010000)
       route.exe rebased to 0x01e80000 (size 0x00010000)
       rpcss.exe rebased to 0x01e90000 (size 0x00010000)
         rsh.exe rebased to 0x01ea0000 (size 0x00010000)
    schdpl32.exe rebased to 0x01eb0000 (size 0x000b0000)
       screg.exe rebased to 0x01f60000 (size 0x00040000)
      setacl.exe rebased to 0x01fa0000 (size 0x00010000)
       setup.exe rebased to 0x01fb0000 (size 0x000c0000)
    sfmprint.exe rebased to 0x02070000 (size 0x00020000)
    sfmpsexe.exe rebased to 0x02090000 (size 0x00010000)
      SfmSvc.exe rebased to 0x020a0000 (size 0x00020000)
        smss.exe rebased to 0x020c0000 (size 0x00010000)
    SndRec32.exe rebased to 0x020d0000 (size 0x00020000)
    sndvol32.exe rebased to 0x020f0000 (size 0x00020000)
        snmp.exe rebased to 0x02110000 (size 0x00010000)
    snmptrap.exe rebased to 0x02120000 (size 0x00010000)
         sol.exe rebased to 0x02130000 (size 0x00040000)
        sort.exe rebased to 0x02170000 (size 0x00010000)
     spoolss.exe rebased to 0x02180000 (size 0x00020000)
      srvmgr.exe rebased to 0x021a0000 (size 0x00060000)
       subst.exe rebased to 0x02200000 (size 0x00010000)
     taskman.exe rebased to 0x02210000 (size 0x00010000)
      telnet.exe rebased to 0x02220000 (size 0x00010000)
    terminal.exe rebased to 0x02230000 (size 0x00040000)
        tftp.exe rebased to 0x02270000 (size 0x00010000)
     ubnbsvc.exe rebased to 0x02280000 (size 0x00010000)
      upedit.exe rebased to 0x02290000 (size 0x00010000)
         ups.exe rebased to 0x022a0000 (size 0x00010000)
    userinit.exe rebased to 0x022b0000 (size 0x00010000)
      usrmgr.exe rebased to 0x022c0000 (size 0x00090000)
     winchat.exe rebased to 0x02350000 (size 0x00020000)
     windisk.exe rebased to 0x02370000 (size 0x00030000)
     winfile.exe rebased to 0x023a0000 (size 0x00050000)
    winhlp32.exe rebased to 0x023f0000 (size 0x00050000)
    winlogon.exe rebased to 0x02440000 (size 0x00030000)
     winmine.exe rebased to 0x02470000 (size 0x00020000)
      winmsd.exe rebased to 0x02490000 (size 0x00020000)
     winmsdp.exe rebased to 0x024b0000 (size 0x00020000)
      winver.exe rebased to 0x024d0000 (size 0x00010000)

Total Size of mapping 0x014e0000
Range 0x01000000 - 0x024e0000

