        AB32.DLL rebased to 0x77fd0000 (size 0x00030000)
     ACLEDIT.DLL rebased to 0x77f80000 (size 0x00050000)
    ADVAPI32.DLL rebased to 0x77f20000 (size 0x00060000)
      ALRSVC.DLL rebased to 0x77f00000 (size 0x00020000)
    AMDNCDET.DLL rebased to 0x77ef0000 (size 0x00010000)
     BASESRV.DLL rebased to 0x77ed0000 (size 0x00020000)
         BDE.DLL rebased to 0x77ec0000 (size 0x00010000)
     BROWSER.DLL rebased to 0x77ea0000 (size 0x00020000)
       CARDS.DLL rebased to 0x77e70000 (size 0x00030000)
         CLB.DLL rebased to 0x77e60000 (size 0x00010000)
    COMCTL32.DLL rebased to 0x77e40000 (size 0x00020000)
    COMDLG32.DLL rebased to 0x77e00000 (size 0x00040000)
      CRTDLL.DLL rebased to 0x77d20000 (size 0x000e0000)
      CSRSRV.DLL rebased to 0x77d00000 (size 0x00020000)
       CUFAT.DLL rebased to 0x77ce0000 (size 0x00020000)
      CUHPFS.DLL rebased to 0x77cb0000 (size 0x00030000)
     DEMIL32.DLL rebased to 0x77c90000 (size 0x00020000)
    DGCONFIG.DLL rebased to 0x77c70000 (size 0x00020000)
    DIGIINST.DLL rebased to 0x77c50000 (size 0x00020000)
      DLCAPI.DLL rebased to 0x77c40000 (size 0x00010000)
     DRIVERS.DLL rebased to 0x77c20000 (size 0x00020000)
       FMIFS.DLL rebased to 0x77c10000 (size 0x00010000)
     FRAME32.DLL rebased to 0x77bb0000 (size 0x00060000)
    FRAMEBUF.DLL rebased to 0x77b90000 (size 0x00020000)
     FTENG32.DLL rebased to 0x77b70000 (size 0x00020000)
      FTPSMX.DLL rebased to 0x77b50000 (size 0x00020000)
      FTPSVC.DLL rebased to 0x77b40000 (size 0x00010000)
      FTUI32.DLL rebased to 0x77b20000 (size 0x00020000)
       GDI32.DLL rebased to 0x77ac0000 (size 0x00060000)
     GDIEXTS.DLL rebased to 0x77aa0000 (size 0x00020000)
       HPMON.DLL rebased to 0x77a80000 (size 0x00020000)
    HPSCAN32.DLL rebased to 0x77a60000 (size 0x00020000)
        HTUI.DLL rebased to 0x77a40000 (size 0x00020000)
        ICMP.DLL rebased to 0x77a30000 (size 0x00010000)
     IFSUTIL.DLL rebased to 0x77a10000 (size 0x00020000)
    IMAGEHLP.DLL rebased to 0x779f0000 (size 0x00020000)
    IMPEXP32.DLL rebased to 0x779d0000 (size 0x00020000)
    INETMIB1.DLL rebased to 0x779b0000 (size 0x00020000)
    IOLOGMSG.DLL rebased to 0x779a0000 (size 0x00010000)
        ISDN.DLL rebased to 0x77930000 (size 0x00070000)
    JZVXL484.DLL rebased to 0x77910000 (size 0x00020000)
       KBDBE.DLL rebased to 0x77900000 (size 0x00010000)
       KBDCA.DLL rebased to 0x778f0000 (size 0x00010000)
       KBDCZ.DLL rebased to 0x778e0000 (size 0x00010000)
       KBDDA.DLL rebased to 0x778d0000 (size 0x00010000)
       KBDDV.DLL rebased to 0x778c0000 (size 0x00010000)
       KBDES.DLL rebased to 0x778b0000 (size 0x00010000)
       KBDFC.DLL rebased to 0x778a0000 (size 0x00010000)
       KBDFI.DLL rebased to 0x77890000 (size 0x00010000)
       KBDFR.DLL rebased to 0x77880000 (size 0x00010000)
       KBDGR.DLL rebased to 0x77870000 (size 0x00010000)
       KBDHE.DLL rebased to 0x77860000 (size 0x00010000)
       KBDHU.DLL rebased to 0x77850000 (size 0x00010000)
       KBDIC.DLL rebased to 0x77840000 (size 0x00010000)
       KBDIT.DLL rebased to 0x77830000 (size 0x00010000)
       KBDLA.DLL rebased to 0x77820000 (size 0x00010000)
       KBDNE.DLL rebased to 0x77810000 (size 0x00010000)
       KBDNO.DLL rebased to 0x77800000 (size 0x00010000)
      KBDPL1.DLL rebased to 0x777f0000 (size 0x00010000)
       KBDPO.DLL rebased to 0x777e0000 (size 0x00010000)
       KBDRU.DLL rebased to 0x777d0000 (size 0x00010000)
       KBDSF.DLL rebased to 0x777c0000 (size 0x00010000)
       KBDSG.DLL rebased to 0x777b0000 (size 0x00010000)
       KBDSP.DLL rebased to 0x777a0000 (size 0x00010000)
       KBDSW.DLL rebased to 0x77790000 (size 0x00010000)
       KBDUK.DLL rebased to 0x77780000 (size 0x00010000)
       KBDUS.DLL rebased to 0x77770000 (size 0x00010000)
      KBDUSL.DLL rebased to 0x77760000 (size 0x00010000)
      KBDUSR.DLL rebased to 0x77750000 (size 0x00010000)
      KBDUSX.DLL rebased to 0x77740000 (size 0x00010000)
    KERNEL32.DLL rebased to 0x776d0000 (size 0x00070000)
      LMHSVC.DLL rebased to 0x776c0000 (size 0x00010000)
      LMMIB2.DLL rebased to 0x776a0000 (size 0x00020000)
       LMMON.DLL rebased to 0x77690000 (size 0x00010000)
    LMUICMN0.DLL rebased to 0x775d0000 (size 0x000c0000)
    LMUICMN1.DLL rebased to 0x77570000 (size 0x00060000)
    LOCALMON.DLL rebased to 0x77560000 (size 0x00010000)
    LOCALSPL.DLL rebased to 0x77530000 (size 0x00030000)
      LSASRV.DLL rebased to 0x774e0000 (size 0x00050000)
        LZ32.DLL rebased to 0x774d0000 (size 0x00010000)
     MAILM32.DLL rebased to 0x774b0000 (size 0x00020000)
      MAPI32.DLL rebased to 0x774a0000 (size 0x00010000)
      MAPIXX.DLL rebased to 0x77480000 (size 0x00020000)
    MCIAVI32.DLL rebased to 0x77460000 (size 0x00020000)
      MCICDA.DLL rebased to 0x77450000 (size 0x00010000)
    MCIOLE32.DLL rebased to 0x77440000 (size 0x00010000)
      MCISEQ.DLL rebased to 0x77420000 (size 0x00020000)
     MCIWAVE.DLL rebased to 0x77400000 (size 0x00020000)
      MF3216.DLL rebased to 0x773e0000 (size 0x00020000)
     MGMTAPI.DLL rebased to 0x773c0000 (size 0x00020000)
     MIDIMAP.DLL rebased to 0x77390000 (size 0x00030000)
       MMDRV.DLL rebased to 0x77380000 (size 0x00010000)
    MMSNDSRV.DLL rebased to 0x77370000 (size 0x00010000)
    MORICONS.DLL rebased to 0x77340000 (size 0x00030000)
         MPR.DLL rebased to 0x77320000 (size 0x00020000)
       MPRUI.DLL rebased to 0x772f0000 (size 0x00030000)
    MSAUDITE.DLL rebased to 0x772e0000 (size 0x00010000)
     MSNCDET.DLL rebased to 0x772b0000 (size 0x00030000)
      MSOBJS.DLL rebased to 0x772a0000 (size 0x00010000)
    MSPELL32.DLL rebased to 0x77280000 (size 0x00020000)
     MSPRIVS.DLL rebased to 0x77270000 (size 0x00010000)
    MSSCHD32.DLL rebased to 0x771f0000 (size 0x00080000)
     MSSFS32.DLL rebased to 0x77190000 (size 0x00060000)
      MSV1_0.DLL rebased to 0x77170000 (size 0x00020000)
     MSVFW32.DLL rebased to 0x77150000 (size 0x00020000)
    MSVIDC32.DLL rebased to 0x77130000 (size 0x00020000)
     MVAPI32.DLL rebased to 0x77120000 (size 0x00010000)
     MVAUDIO.DLL rebased to 0x77110000 (size 0x00010000)
      MVFS32.DLL rebased to 0x770e0000 (size 0x00030000)
      MVOPL3.DLL rebased to 0x770c0000 (size 0x00020000)
      NBTSVC.DLL rebased to 0x770b0000 (size 0x00010000)
     NDDEAPI.DLL rebased to 0x77090000 (size 0x00020000)
    NETAPI32.DLL rebased to 0x76ff0000 (size 0x000a0000)
     NETBIOS.DLL rebased to 0x76fd0000 (size 0x00020000)
    NETDTECT.DLL rebased to 0x76fc0000 (size 0x00010000)
    NETEVENT.DLL rebased to 0x76fa0000 (size 0x00020000)
        NETH.DLL rebased to 0x76f60000 (size 0x00040000)
    NETLOGON.DLL rebased to 0x76f10000 (size 0x00050000)
      NETMSG.DLL rebased to 0x76ee0000 (size 0x00030000)
      NETRAP.DLL rebased to 0x76ed0000 (size 0x00010000)
    NPINCDET.DLL rebased to 0x76ec0000 (size 0x00010000)
       NTDLL.DLL rebased to 0x76e60000 (size 0x00060000)
    NTLANMAN.DLL rebased to 0x76e20000 (size 0x00040000)
    NTSDEXTS.DLL rebased to 0x76e00000 (size 0x00020000)
       NTVDM.DLL rebased to 0x76df0000 (size 0x00010000)
    NWLNKCFG.DLL rebased to 0x76de0000 (size 0x00010000)
    NWLNKMSG.DLL rebased to 0x76dd0000 (size 0x00010000)
    NWNBLINK.DLL rebased to 0x76dc0000 (size 0x00010000)
    OLECLI32.DLL rebased to 0x76d90000 (size 0x00030000)
    OLESVR32.DLL rebased to 0x76d70000 (size 0x00020000)
    PABNSP32.DLL rebased to 0x76d50000 (size 0x00020000)
    PERFCTRS.DLL rebased to 0x76d30000 (size 0x00020000)
      PSXDLL.DLL rebased to 0x76d00000 (size 0x00030000)
    RASADMIN.DLL rebased to 0x76cf0000 (size 0x00010000)
    RASAPI32.DLL rebased to 0x76cd0000 (size 0x00020000)
    RASCAUTH.DLL rebased to 0x76cc0000 (size 0x00010000)
      RASCFG.DLL rebased to 0x76ca0000 (size 0x00020000)
    RASFIL32.DLL rebased to 0x76c90000 (size 0x00010000)
     RASGTWY.DLL rebased to 0x76c70000 (size 0x00020000)
      RASMAN.DLL rebased to 0x76c50000 (size 0x00020000)
      RASMSG.DLL rebased to 0x76c40000 (size 0x00010000)
      RASMXS.DLL rebased to 0x76c20000 (size 0x00020000)
      RASRES.DLL rebased to 0x76c10000 (size 0x00010000)
    RASSAUTH.DLL rebased to 0x76bf0000 (size 0x00020000)
      RASSER.DLL rebased to 0x76be0000 (size 0x00010000)
     RPCLTC1.DLL rebased to 0x76bd0000 (size 0x00010000)
     RPCLTC3.DLL rebased to 0x76bc0000 (size 0x00010000)
     RPCLTC5.DLL rebased to 0x76bb0000 (size 0x00010000)
     RPCLTC6.DLL rebased to 0x76ba0000 (size 0x00010000)
     RPCLTS1.DLL rebased to 0x76b90000 (size 0x00010000)
     RPCLTS3.DLL rebased to 0x76b80000 (size 0x00010000)
     RPCLTS5.DLL rebased to 0x76b70000 (size 0x00010000)
     RPCLTS6.DLL rebased to 0x76b60000 (size 0x00010000)
      RPCNS4.DLL rebased to 0x76b40000 (size 0x00020000)
      RPCRT4.DLL rebased to 0x76b00000 (size 0x00040000)
          S3.DLL rebased to 0x76ad0000 (size 0x00030000)
      SAMLIB.DLL rebased to 0x76ab0000 (size 0x00020000)
      SAMSRV.DLL rebased to 0x76a60000 (size 0x00050000)
    SCHMSG32.DLL rebased to 0x76a40000 (size 0x00020000)
    SENDFL32.DLL rebased to 0x76a30000 (size 0x00010000)
    SETUPDLL.DLL rebased to 0x76a10000 (size 0x00020000)
      SFMAPI.DLL rebased to 0x769f0000 (size 0x00020000)
    SFMATCFG.DLL rebased to 0x769d0000 (size 0x00020000)
    SFMATMSG.DLL rebased to 0x769c0000 (size 0x00010000)
      SFMMON.DLL rebased to 0x769a0000 (size 0x00020000)
      SFMMSG.DLL rebased to 0x76990000 (size 0x00010000)
    SFMPSDIB.DLL rebased to 0x76880000 (size 0x00110000)
    SFMPSFNT.DLL rebased to 0x76870000 (size 0x00010000)
      SFMRES.DLL rebased to 0x76860000 (size 0x00010000)
     SFMUTIL.DLL rebased to 0x76850000 (size 0x00010000)
    SFMWSHAT.DLL rebased to 0x76830000 (size 0x00020000)
     SHELL32.DLL rebased to 0x76810000 (size 0x00020000)
     SNDBLST.DLL rebased to 0x76800000 (size 0x00010000)
    SNDSYS32.DLL rebased to 0x767f0000 (size 0x00010000)
       SOUND.DLL rebased to 0x767e0000 (size 0x00010000)
     SPOOLSS.DLL rebased to 0x767d0000 (size 0x00010000)
      SRVSVC.DLL rebased to 0x76780000 (size 0x00050000)
     STORE32.DLL rebased to 0x76720000 (size 0x00060000)
       SYNTH.DLL rebased to 0x76700000 (size 0x00020000)
    TCPIPSVC.DLL rebased to 0x766f0000 (size 0x00010000)
      TELNET.DLL rebased to 0x766e0000 (size 0x00010000)
    TRNSCH32.DLL rebased to 0x766d0000 (size 0x00010000)
     UBNBMSG.DLL rebased to 0x766c0000 (size 0x00010000)
        UFAT.DLL rebased to 0x76690000 (size 0x00030000)
       UHPFS.DLL rebased to 0x76650000 (size 0x00040000)
        ULIB.DLL rebased to 0x76610000 (size 0x00040000)
       UNTFS.DLL rebased to 0x765a0000 (size 0x00070000)
        UREG.DLL rebased to 0x76590000 (size 0x00010000)
      USER32.DLL rebased to 0x76530000 (size 0x00060000)
    USEREXTS.DLL rebased to 0x76480000 (size 0x000b0000)
       VCDEX.DLL rebased to 0x76470000 (size 0x00010000)
      VDMDBG.DLL rebased to 0x76460000 (size 0x00010000)
    VDMREDIR.DLL rebased to 0x76430000 (size 0x00030000)
     VERSION.DLL rebased to 0x76420000 (size 0x00010000)
     VFORM32.DLL rebased to 0x763d0000 (size 0x00050000)
    WGPOMG32.DLL rebased to 0x763a0000 (size 0x00030000)
    WIN32SPL.DLL rebased to 0x76370000 (size 0x00030000)
       WINMM.DLL rebased to 0x76340000 (size 0x00030000)
      WINMSD.DLL rebased to 0x76330000 (size 0x00010000)
      WINSRV.DLL rebased to 0x76110000 (size 0x00220000)
     WINSTRM.DLL rebased to 0x76100000 (size 0x00010000)
      WKSSVC.DLL rebased to 0x760d0000 (size 0x00030000)
       WOW32.DLL rebased to 0x76050000 (size 0x00080000)
    WSHNWLNK.DLL rebased to 0x76040000 (size 0x00010000)
    WSHTCPIP.DLL rebased to 0x76030000 (size 0x00010000)
      WSHXNS.DLL rebased to 0x76020000 (size 0x00010000)
     WSOCK32.DLL rebased to 0x75ff0000 (size 0x00030000)
     XACTSRV.DLL rebased to 0x75fc0000 (size 0x00030000)
      XNSCFG.DLL rebased to 0x75fb0000 (size 0x00010000)
      XNSMSG.DLL rebased to 0x75fa0000 (size 0x00010000)
     CURSORS.CPL rebased to 0x75f90000 (size 0x00010000)
      FTPMGR.CPL rebased to 0x75f70000 (size 0x00020000)
        MAIN.CPL rebased to 0x75f20000 (size 0x00050000)
    MULTIMED.CPL rebased to 0x75f10000 (size 0x00010000)
        NCPA.CPL rebased to 0x75e50000 (size 0x000c0000)
     SCHEMES.CPL rebased to 0x75db0000 (size 0x000a0000)
      SFMMGR.CPL rebased to 0x75d50000 (size 0x00060000)
      SRVMGR.CPL rebased to 0x75d00000 (size 0x00050000)
         UPS.CPL rebased to 0x75ce0000 (size 0x00020000)
     MSACM32.DRV rebased to 0x75cc0000 (size 0x00020000)
    WINSPOOL.DRV rebased to 0x75c90000 (size 0x00030000)
          DM.DLL rebased to 0x75c70000 (size 0x00020000)
    EECANMIP.DLL rebased to 0x75c20000 (size 0x00050000)
    EECANX86.DLL rebased to 0x75bd0000 (size 0x00050000)
    EECXXMIP.DLL rebased to 0x75b80000 (size 0x00050000)
    EECXXX86.DLL rebased to 0x75b30000 (size 0x00050000)
       EMMIP.DLL rebased to 0x75b00000 (size 0x00030000)
       EMX86.DLL rebased to 0x75ad0000 (size 0x00030000)
    FASTIMER.DLL rebased to 0x75ab0000 (size 0x00020000)
    FERNEL32.DLL rebased to 0x75a80000 (size 0x00030000)
      FILTER.DLL rebased to 0x75a70000 (size 0x00010000)
      GUTILS.DLL rebased to 0x75a50000 (size 0x00020000)
        HOOK.DLL rebased to 0x75a40000 (size 0x00010000)
     JUSTIFY.DLL rebased to 0x75a30000 (size 0x00010000)
      KDEXTS.DLL rebased to 0x75a20000 (size 0x00010000)
    LINEEDIT.DLL rebased to 0x75a00000 (size 0x00020000)
       MHELP.DLL rebased to 0x759f0000 (size 0x00010000)
      MSHELP.DLL rebased to 0x759e0000 (size 0x00010000)
      PMATCH.DLL rebased to 0x759d0000 (size 0x00010000)
        SHCV.DLL rebased to 0x759b0000 (size 0x00020000)
      SYMCVT.DLL rebased to 0x759a0000 (size 0x00010000)
    TESTCTRL.DLL rebased to 0x75980000 (size 0x00020000)
    TESTDLGS.DLL rebased to 0x75960000 (size 0x00020000)
    TESTEVNT.DLL rebased to 0x75940000 (size 0x00020000)
    TESTSCRN.DLL rebased to 0x75920000 (size 0x00020000)
    TESTVW32.DLL rebased to 0x75910000 (size 0x00010000)
     TGLCASE.DLL rebased to 0x75900000 (size 0x00010000)
       TLLOC.DLL rebased to 0x758f0000 (size 0x00010000)
      TLPIPE.DLL rebased to 0x758e0000 (size 0x00010000)
       TLSER.DLL rebased to 0x758c0000 (size 0x00020000)
      ULCASE.DLL rebased to 0x758b0000 (size 0x00010000)
    WDBGEXTS.DLL rebased to 0x758a0000 (size 0x00010000)
         WS1.DLL rebased to 0x75890000 (size 0x00010000)
       ZDI32.DLL rebased to 0x75860000 (size 0x00030000)
    ZDVAPI32.DLL rebased to 0x75840000 (size 0x00020000)
    ZERNEL32.DLL rebased to 0x75810000 (size 0x00030000)
      ZRTDLL.DLL rebased to 0x757e0000 (size 0x00030000)
      ZSER32.DLL rebased to 0x757b0000 (size 0x00030000)
    ABOUTWEP.DLL rebased to 0x757a0000 (size 0x00010000)
    APPXEC32.DLL rebased to 0x75790000 (size 0x00010000)
       BCC32.DLL rebased to 0x75780000 (size 0x00010000)
    EMPTYW32.DLL rebased to 0x75770000 (size 0x00010000)
    FILTER32.DLL rebased to 0x75760000 (size 0x00010000)
     MBROWSE.DLL rebased to 0x75750000 (size 0x00010000)
    MEPPARTY.DLL rebased to 0x75740000 (size 0x00010000)
      NETOBJ.DLL rebased to 0x75730000 (size 0x00010000)
     SECEDIT.DLL rebased to 0x75720000 (size 0x00010000)
    STRMEXTS.DLL rebased to 0x75710000 (size 0x00010000)
     TCPEXTS.DLL rebased to 0x75700000 (size 0x00010000)
     TOPHOOK.DLL rebased to 0x756f0000 (size 0x00010000)
    TRNNCX32.DLL rebased to 0x756e0000 (size 0x00010000)
    WIZARD32.DLL rebased to 0x756d0000 (size 0x00010000)
     XENIX32.DLL rebased to 0x756c0000 (size 0x00010000)
    XIMAIL32.DLL rebased to 0x75680000 (size 0x00040000)
      MSFT32.DLL rebased to 0x75670000 (size 0x00010000)
       OOF32.DLL rebased to 0x75660000 (size 0x00010000)

Total Size of mapping 0x029a0000
Range 0x75660000 - 0x78000000

     ACLCONV.EXE rebased to 0x01000000 (size 0x00030000)
         ARP.EXE rebased to 0x01030000 (size 0x00010000)
          AT.EXE rebased to 0x01040000 (size 0x00020000)
       ATSVC.EXE rebased to 0x01060000 (size 0x00020000)
      ATTRIB.EXE rebased to 0x01080000 (size 0x00020000)
     AUTOCHK.EXE rebased to 0x010a0000 (size 0x000e0000)
    AUTOCONV.EXE rebased to 0x01180000 (size 0x00100000)
    AUTOSETP.EXE rebased to 0x01280000 (size 0x00010000)
      BOOTOK.EXE rebased to 0x01290000 (size 0x00020000)
    BOOTVRFY.EXE rebased to 0x012b0000 (size 0x00010000)
        CALC.EXE rebased to 0x012c0000 (size 0x00030000)
    CARDFILE.EXE rebased to 0x012f0000 (size 0x00040000)
    CDPLAYER.EXE rebased to 0x01330000 (size 0x00040000)
     CHARMAP.EXE rebased to 0x01370000 (size 0x00020000)
      CHKDSK.EXE rebased to 0x01390000 (size 0x00020000)
     CLIPBRD.EXE rebased to 0x013b0000 (size 0x00030000)
     CLIPSRV.EXE rebased to 0x013e0000 (size 0x00020000)
       CLOCK.EXE rebased to 0x01400000 (size 0x00020000)
         CMD.EXE rebased to 0x01420000 (size 0x00050000)
        COMP.EXE rebased to 0x01470000 (size 0x00020000)
     CONTROL.EXE rebased to 0x01490000 (size 0x00020000)
     CONVERT.EXE rebased to 0x014b0000 (size 0x00020000)
       CSRSS.EXE rebased to 0x014d0000 (size 0x00010000)
    DDESHARE.EXE rebased to 0x014e0000 (size 0x00020000)
    DISKPERF.EXE rebased to 0x01500000 (size 0x00020000)
      DOSKEY.EXE rebased to 0x01520000 (size 0x00020000)
    DRWTSN32.EXE rebased to 0x01540000 (size 0x00020000)
    EVENTLOG.EXE rebased to 0x01560000 (size 0x00030000)
    EVENTVWR.EXE rebased to 0x01590000 (size 0x00050000)
      EXPAND.EXE rebased to 0x015e0000 (size 0x00020000)
          FC.EXE rebased to 0x01600000 (size 0x00020000)
        FIND.EXE rebased to 0x01620000 (size 0x00020000)
     FINDSTR.EXE rebased to 0x01640000 (size 0x00020000)
      FINGER.EXE rebased to 0x01660000 (size 0x00010000)
    FORCEDOS.EXE rebased to 0x01670000 (size 0x00020000)
    FREECELL.EXE rebased to 0x01690000 (size 0x00020000)
         FTP.EXE rebased to 0x016b0000 (size 0x00020000)
      FTPSVC.EXE rebased to 0x016d0000 (size 0x00020000)
        HELP.EXE rebased to 0x016f0000 (size 0x00020000)
    HOSTNAME.EXE rebased to 0x01710000 (size 0x00010000)
    IPXROUTE.EXE rebased to 0x01720000 (size 0x00010000)
       LABEL.EXE rebased to 0x01730000 (size 0x00020000)
      LMREPL.EXE rebased to 0x01750000 (size 0x00040000)
      LMSVCS.EXE rebased to 0x01790000 (size 0x00020000)
     LOCATOR.EXE rebased to 0x017b0000 (size 0x00030000)
       LSASS.EXE rebased to 0x017e0000 (size 0x00010000)
    MAILSP32.EXE rebased to 0x017f0000 (size 0x00020000)
     MAPISRV.EXE rebased to 0x01810000 (size 0x00020000)
    MCSXNSVC.EXE rebased to 0x01830000 (size 0x00020000)
     MPLAY32.EXE rebased to 0x01850000 (size 0x00040000)
    MPNOTIFY.EXE rebased to 0x01890000 (size 0x00020000)
      MSGSVC.EXE rebased to 0x018b0000 (size 0x00020000)
    MSMAIL32.EXE rebased to 0x018d0000 (size 0x00070000)
    MSRMND32.EXE rebased to 0x01940000 (size 0x00020000)
     MUSRMGR.EXE rebased to 0x01960000 (size 0x00090000)
     NBTSTAT.EXE rebased to 0x019f0000 (size 0x00010000)
    NDDEAGNT.EXE rebased to 0x01a00000 (size 0x00010000)
    NDDEAPIR.EXE rebased to 0x01a10000 (size 0x00010000)
         NET.EXE rebased to 0x01a20000 (size 0x00050000)
      NETDDE.EXE rebased to 0x01a70000 (size 0x00040000)
     NETSTAT.EXE rebased to 0x01ab0000 (size 0x00010000)
     NOTEPAD.EXE rebased to 0x01ac0000 (size 0x00020000)
    NTBACKUP.EXE rebased to 0x01ae0000 (size 0x00110000)
    NTKRNLMP.EXE rebased to 0x01bf0000 (size 0x00110000)
    NTOSKRNL.EXE rebased to 0x01d00000 (size 0x00110000)
        NTSD.EXE rebased to 0x01e10000 (size 0x00050000)
       NTVDM.EXE rebased to 0x01e60000 (size 0x002b0000)
    NWLNKSVC.EXE rebased to 0x02110000 (size 0x00020000)
    NWNBLINK.EXE rebased to 0x02130000 (size 0x00010000)
    PACKGR32.EXE rebased to 0x02140000 (size 0x00030000)
         PAX.EXE rebased to 0x02170000 (size 0x00030000)
      PBRUSH.EXE rebased to 0x021a0000 (size 0x00070000)
     PERFMON.EXE rebased to 0x02210000 (size 0x00050000)
     PIFEDIT.EXE rebased to 0x02260000 (size 0x00030000)
        PING.EXE rebased to 0x02290000 (size 0x00010000)
     PORTUAS.EXE rebased to 0x022a0000 (size 0x00020000)
       POSIX.EXE rebased to 0x022c0000 (size 0x00020000)
       PRINT.EXE rebased to 0x022e0000 (size 0x00020000)
    PRINTMAN.EXE rebased to 0x02300000 (size 0x00040000)
     PROGMAN.EXE rebased to 0x02340000 (size 0x00050000)
       PSXSS.EXE rebased to 0x02390000 (size 0x00040000)
    RASADMIN.EXE rebased to 0x023d0000 (size 0x00060000)
     RASDIAL.EXE rebased to 0x02430000 (size 0x00010000)
      RASMAN.EXE rebased to 0x02440000 (size 0x00010000)
      RASMON.EXE rebased to 0x02450000 (size 0x00020000)
    RASPHONE.EXE rebased to 0x02470000 (size 0x00050000)
      RASSRV.EXE rebased to 0x024c0000 (size 0x00020000)
         RCP.EXE rebased to 0x024e0000 (size 0x00010000)
     RECOVER.EXE rebased to 0x024f0000 (size 0x00020000)
    REGEDT32.EXE rebased to 0x02510000 (size 0x00050000)
     REPLACE.EXE rebased to 0x02560000 (size 0x00020000)
     RESTORE.EXE rebased to 0x02580000 (size 0x00020000)
       REXEC.EXE rebased to 0x025a0000 (size 0x00010000)
       ROUTE.EXE rebased to 0x025b0000 (size 0x00010000)
       RPCSS.EXE rebased to 0x025c0000 (size 0x00020000)
         RSH.EXE rebased to 0x025e0000 (size 0x00010000)
    SCHDPL32.EXE rebased to 0x025f0000 (size 0x000b0000)
       SCREG.EXE rebased to 0x026a0000 (size 0x00050000)
      SETACL.EXE rebased to 0x026f0000 (size 0x00010000)
       SETUP.EXE rebased to 0x02700000 (size 0x000e0000)
    SFMPRINT.EXE rebased to 0x027e0000 (size 0x00030000)
    SFMPSEXE.EXE rebased to 0x02810000 (size 0x00020000)
      SFMSVC.EXE rebased to 0x02830000 (size 0x00030000)
        SMSS.EXE rebased to 0x02860000 (size 0x00020000)
    SNDREC32.EXE rebased to 0x02880000 (size 0x00030000)
    SNDVOL32.EXE rebased to 0x028b0000 (size 0x00030000)
        SNMP.EXE rebased to 0x028e0000 (size 0x00020000)
    SNMPTRAP.EXE rebased to 0x02900000 (size 0x00010000)
         SOL.EXE rebased to 0x02910000 (size 0x00050000)
        SORT.EXE rebased to 0x02960000 (size 0x00020000)
     SPOOLSS.EXE rebased to 0x02980000 (size 0x00030000)
      SRVMGR.EXE rebased to 0x029b0000 (size 0x00080000)
       SUBST.EXE rebased to 0x02a30000 (size 0x00020000)
     TASKMAN.EXE rebased to 0x02a50000 (size 0x00020000)
      TELNET.EXE rebased to 0x02a70000 (size 0x00020000)
    TERMINAL.EXE rebased to 0x02a90000 (size 0x00060000)
        TFTP.EXE rebased to 0x02af0000 (size 0x00010000)
     UBNBSVC.EXE rebased to 0x02b00000 (size 0x00010000)
      UPEDIT.EXE rebased to 0x02b10000 (size 0x00020000)
         UPS.EXE rebased to 0x02b30000 (size 0x00010000)
    USERINIT.EXE rebased to 0x02b40000 (size 0x00020000)
      USRMGR.EXE rebased to 0x02b60000 (size 0x000a0000)
     WINCHAT.EXE rebased to 0x02c00000 (size 0x00020000)
     WINDISK.EXE rebased to 0x02c20000 (size 0x00040000)
     WINFILE.EXE rebased to 0x02c60000 (size 0x00070000)
    WINHLP32.EXE rebased to 0x02cd0000 (size 0x00080000)
    WINLOGON.EXE rebased to 0x02d50000 (size 0x00040000)
     WINMINE.EXE rebased to 0x02d90000 (size 0x00020000)
      WINMSD.EXE rebased to 0x02db0000 (size 0x00020000)
     WINMSDP.EXE rebased to 0x02dd0000 (size 0x00020000)
      WINVER.EXE rebased to 0x02df0000 (size 0x00020000)

Total Size of mapping 0x01e10000
Range 0x01000000 - 0x02e10000

