[Params]
	WndTitle   = Microsoft Setup
	WndMess    = Initializing Setup...
	TmpDirSize = 500
	TmpDirName = ~msstfqf.t
	CmdLine    = _mstest sample1.mst /C "/S %s %s"
	DrvModName = DSHELL

[Files]
	sample1.mst  = sample1.mst
	sample1.inf  = sample1.inf
	setupapi.inc = setupapi.inc
	msdetect.inc = msdetect.inc
	mscomstf.dll = mscomstf.dll
	msinsstf.dll = msinsstf.dll
	msuilstf.dll = msuilstf.dll
	msshlstf.dll = msshlstf.dll
	mscuistf.dll = mscuistf.dll
	msdetstf.dll = msdetstf.dll
	_mstest.exe  = _mstest.exe
	_mssetup.exe = _mssetup.exe

